"C:/Users/nerot/git.repo/Arena/Content/FirstPerson/Textures/FirstPersonCrosshair.uasset" 0
"C:/Users/nerot/git.repo/Arena/Content/FirstPerson/Textures/FirstPersonCrosshair.uexp" 1
"../../../Engine/Content/Functions/Engine_MaterialFunctions01/Opacity/CameraDepthFade.uasset" 2
"../../../Engine/Content/Functions/Engine_MaterialFunctions01/Opacity/CameraDepthFade.uexp" 3
"../../../Engine/Content/EngineMaterials/T_Default_Material_Grid_M.uasset" 4
"../../../Engine/Content/EngineMaterials/T_Default_Material_Grid_M.uexp" 5
"../../../Engine/Content/EngineMaterials/T_Default_Material_Grid_M.ubulk" 6
"../../../Engine/Content/EngineMaterials/T_Default_Material_Grid_N.uasset" 7
"../../../Engine/Content/EngineMaterials/T_Default_Material_Grid_N.uexp" 8
"../../../Engine/Content/EngineMaterials/T_Default_Material_Grid_N.ubulk" 9
"../../../Engine/Content/EngineMaterials/WorldGridMaterial.uasset" 10
"../../../Engine/Content/EngineMaterials/WorldGridMaterial.uexp" 11
"../../../Engine/Content/ArtTools/RenderToTexture/Meshes/S_1_Unit_Plane.uasset" 12
"../../../Engine/Content/ArtTools/RenderToTexture/Meshes/S_1_Unit_Plane.uexp" 13
"../../../Engine/Content/BasicShapes/Cube.uasset" 14
"../../../Engine/Content/BasicShapes/Cube.uexp" 15
"../../../Engine/Content/BasicShapes/Plane.uasset" 16
"../../../Engine/Content/BasicShapes/Plane.uexp" 17
"../../../Engine/Content/EditorLandscapeResources/DataLayer.uasset" 18
"../../../Engine/Content/EditorLandscapeResources/DataLayer.uexp" 19
"../../../Engine/Content/EditorLandscapeResources/DefaultAlphaTexture.uasset" 20
"../../../Engine/Content/EditorLandscapeResources/DefaultAlphaTexture.uexp" 21
"../../../Engine/Content/EditorMaterials/MAT_Groups_Toggle.uasset" 22
"../../../Engine/Content/EditorMaterials/MAT_Groups_Toggle.uexp" 23
"../../../Engine/Content/EditorMaterials/MAT_Groups_Visibility.uasset" 24
"../../../Engine/Content/EditorMaterials/MAT_Groups_Visibility.uexp" 25
"../../../Engine/Content/EditorMaterials/PreviewShadowIndicator.uasset" 26
"../../../Engine/Content/EditorMaterials/PreviewShadowIndicator.uexp" 27
"../../../Engine/Content/EditorMaterials/PreviewShadowIndicator.ubulk" 28
"../../../Engine/Content/EditorMaterials/PreviewShadowIndicatorMaterial.uasset" 29
"../../../Engine/Content/EditorMaterials/PreviewShadowIndicatorMaterial.uexp" 30
"../../../Engine/Content/EditorMaterials/MatineeGroups/MAT_ColorTrack.uasset" 31
"../../../Engine/Content/EditorMaterials/MatineeGroups/MAT_ColorTrack.uexp" 32
"../../../Engine/Content/EditorMaterials/MatineeGroups/MAT_Groups_Anim.uasset" 33
"../../../Engine/Content/EditorMaterials/MatineeGroups/MAT_Groups_Anim.uexp" 34
"../../../Engine/Content/EditorMaterials/MatineeGroups/MAT_Groups_AudioMaster.uasset" 35
"../../../Engine/Content/EditorMaterials/MatineeGroups/MAT_Groups_AudioMaster.uexp" 36
"../../../Engine/Content/EditorMaterials/MatineeGroups/MAT_Groups_Director.uasset" 37
"../../../Engine/Content/EditorMaterials/MatineeGroups/MAT_Groups_Director.uexp" 38
"../../../Engine/Content/EditorMaterials/MatineeGroups/MAT_Groups_Event.uasset" 39
"../../../Engine/Content/EditorMaterials/MatineeGroups/MAT_Groups_Event.uexp" 40
"../../../Engine/Content/EditorMaterials/MatineeGroups/MAT_Groups_Fade.uasset" 41
"../../../Engine/Content/EditorMaterials/MatineeGroups/MAT_Groups_Fade.uexp" 42
"../../../Engine/Content/EditorMaterials/MatineeGroups/MAT_Groups_Float.uasset" 43
"../../../Engine/Content/EditorMaterials/MatineeGroups/MAT_Groups_Float.uexp" 44
"../../../Engine/Content/EditorMaterials/MatineeGroups/MAT_Groups_Move.uasset" 45
"../../../Engine/Content/EditorMaterials/MatineeGroups/MAT_Groups_Move.uexp" 46
"../../../Engine/Content/EditorMaterials/MatineeGroups/MAT_Groups_Slomo.uasset" 47
"../../../Engine/Content/EditorMaterials/MatineeGroups/MAT_Groups_Slomo.uexp" 48
"../../../Engine/Content/EditorMaterials/MatineeGroups/MAT_Groups_Sound.uasset" 49
"../../../Engine/Content/EditorMaterials/MatineeGroups/MAT_Groups_Sound.uexp" 50
"../../../Engine/Content/EditorMaterials/MatineeGroups/MAT_Groups_Vector.uasset" 51
"../../../Engine/Content/EditorMaterials/MatineeGroups/MAT_Groups_Vector.uexp" 52
"../../../Engine/Content/EditorMaterials/ParticleSystems/PSysThumbnail_NoImage.uasset" 53
"../../../Engine/Content/EditorMaterials/ParticleSystems/PSysThumbnail_NoImage.uexp" 54
"../../../Engine/Content/EditorMaterials/ParticleSystems/PSysThumbnail_NoImage.ubulk" 55
"../../../Engine/Content/EditorMaterials/ParticleSystems/PSysThumbnail_OOD.uasset" 56
"../../../Engine/Content/EditorMaterials/ParticleSystems/PSysThumbnail_OOD.uexp" 57
"../../../Engine/Content/EditorMaterials/ParticleSystems/PSysThumbnail_OOD.ubulk" 58
"../../../Engine/Content/EditorMaterials/Camera/CineMat.uasset" 59
"../../../Engine/Content/EditorMaterials/Camera/CineMat.uexp" 60
"../../../Engine/Content/EditorMaterials/Camera/MI_CineMat_Rig.uasset" 61
"../../../Engine/Content/EditorMaterials/Camera/MI_CineMat_Rig.uexp" 62
"../../../Engine/Content/EditorMeshes/Camera/SM_CraneRig_Arm.uasset" 63
"../../../Engine/Content/EditorMeshes/Camera/SM_CraneRig_Arm.uexp" 64
"../../../Engine/Content/EditorMeshes/Camera/SM_CraneRig_Base.uasset" 65
"../../../Engine/Content/EditorMeshes/Camera/SM_CraneRig_Base.uexp" 66
"../../../Engine/Content/EditorMeshes/Camera/SM_CraneRig_Body.uasset" 67
"../../../Engine/Content/EditorMeshes/Camera/SM_CraneRig_Body.uexp" 68
"../../../Engine/Content/EditorMeshes/Camera/SM_CraneRig_Mount.uasset" 69
"../../../Engine/Content/EditorMeshes/Camera/SM_CraneRig_Mount.uexp" 70
"../../../Engine/Content/EditorMeshes/Camera/SM_RailRig_Mount.uasset" 71
"../../../Engine/Content/EditorMeshes/Camera/SM_RailRig_Mount.uexp" 72
"../../../Engine/Content/EditorMeshes/Camera/SM_RailRig_Track.uasset" 73
"../../../Engine/Content/EditorMeshes/Camera/SM_RailRig_Track.uexp" 74
"../../../Engine/Content/EditorResources/BSPVertex.uasset" 75
"../../../Engine/Content/EditorResources/BSPVertex.uexp" 76
"../../../Engine/Content/EditorResources/EmptyActor.uasset" 77
"../../../Engine/Content/EditorResources/EmptyActor.uexp" 78
"../../../Engine/Content/EditorResources/S_Actor.uasset" 79
"../../../Engine/Content/EditorResources/S_Actor.uexp" 80
"../../../Engine/Content/EditorResources/S_Actor.ubulk" 81
"../../../Engine/Content/EditorResources/S_Note.uasset" 82
"../../../Engine/Content/EditorResources/S_Note.uexp" 83
"../../../Engine/Content/EditorResources/S_Note.ubulk" 84
"../../../Engine/Content/EditorResources/S_Solver.uasset" 85
"../../../Engine/Content/EditorResources/S_Solver.uexp" 86
"../../../Engine/Content/EditorResources/S_Solver.ubulk" 87
"../../../Engine/Content/EditorResources/S_Terrain.uasset" 88
"../../../Engine/Content/EditorResources/S_Terrain.uexp" 89
"../../../Engine/Content/EditorResources/S_Terrain.ubulk" 90
"../../../Engine/Content/EditorResources/S_Trigger.uasset" 91
"../../../Engine/Content/EditorResources/S_Trigger.uexp" 92
"../../../Engine/Content/EditorResources/S_Trigger.ubulk" 93
"../../../Engine/Content/EditorResources/LightIcons/S_LightError.uasset" 94
"../../../Engine/Content/EditorResources/LightIcons/S_LightError.uexp" 95
"../../../Engine/Content/EditorResources/SequenceRecorder/Countdown.uasset" 96
"../../../Engine/Content/EditorResources/SequenceRecorder/Countdown.uexp" 97
"../../../Engine/Content/EditorResources/SequenceRecorder/RecordingIndicator.uasset" 98
"../../../Engine/Content/EditorResources/SequenceRecorder/RecordingIndicator.uexp" 99
"../../../Engine/Content/EngineDamageTypes/DmgTypeBP_Environmental.uasset" 100
"../../../Engine/Content/EngineDamageTypes/DmgTypeBP_Environmental.uexp" 101
"../../../Engine/Content/EngineDebugMaterials/DebugEditorMaterial.uasset" 102
"../../../Engine/Content/EngineDebugMaterials/DebugEditorMaterial.uexp" 103
"../../../Engine/Content/EngineDebugMaterials/DebugMeshMaterial.uasset" 104
"../../../Engine/Content/EngineDebugMaterials/DebugMeshMaterial.uexp" 105
"../../../Engine/Content/EngineDebugMaterials/M_SimpleUnlitTranslucent.uasset" 106
"../../../Engine/Content/EngineDebugMaterials/M_SimpleUnlitTranslucent.uexp" 107
"../../../Engine/Content/EngineDebugMaterials/VolumeToRender.uasset" 108
"../../../Engine/Content/EngineDebugMaterials/VolumeToRender.uexp" 109
"../../../Engine/Content/Functions/Engine_MaterialFunctions02/Utility/CameraDirectionVector.uasset" 110
"../../../Engine/Content/Functions/Engine_MaterialFunctions02/Utility/CameraDirectionVector.uexp" 111
"../../../Engine/Content/EngineDebugMaterials/M_VolumeRenderSphereTracePP.uasset" 112
"../../../Engine/Content/EngineDebugMaterials/M_VolumeRenderSphereTracePP.uexp" 113
"../../../Engine/Content/Functions/Engine_MaterialFunctions01/Shading/ConvertFromDiffSpec.uasset" 114
"../../../Engine/Content/Functions/Engine_MaterialFunctions01/Shading/ConvertFromDiffSpec.uexp" 115
"../../../Engine/Content/EngineDebugMaterials/VertexColorMaterial.uasset" 116
"../../../Engine/Content/EngineDebugMaterials/VertexColorMaterial.uexp" 117
"../../../Engine/Content/EngineDebugMaterials/WireframeMaterial.uasset" 118
"../../../Engine/Content/EngineDebugMaterials/WireframeMaterial.uexp" 119
"../../../Engine/Content/EngineFonts/Faces/RobotoRegular.uasset" 120
"../../../Engine/Content/EngineFonts/Faces/RobotoRegular.uexp" 121
"../../../Engine/Content/EngineFonts/Faces/RobotoRegular.ufont" 122
"../../../Engine/Content/EngineFonts/Faces/RobotoLight.uasset" 123
"../../../Engine/Content/EngineFonts/Faces/RobotoLight.uexp" 124
"../../../Engine/Content/EngineFonts/Faces/RobotoLight.ufont" 125
"../../../Engine/Content/EngineFonts/Faces/RobotoItalic.uasset" 126
"../../../Engine/Content/EngineFonts/Faces/RobotoItalic.uexp" 127
"../../../Engine/Content/EngineFonts/Faces/RobotoItalic.ufont" 128
"../../../Engine/Content/EngineFonts/Faces/RobotoBoldItalic.uasset" 129
"../../../Engine/Content/EngineFonts/Faces/RobotoBoldItalic.uexp" 130
"../../../Engine/Content/EngineFonts/Faces/RobotoBoldItalic.ufont" 131
"../../../Engine/Content/EngineFonts/Faces/RobotoBold.uasset" 132
"../../../Engine/Content/EngineFonts/Faces/RobotoBold.uexp" 133
"../../../Engine/Content/EngineFonts/Faces/RobotoBold.ufont" 134
"../../../Engine/Content/EngineFonts/Faces/DroidSansFallback.uasset" 135
"../../../Engine/Content/EngineFonts/Faces/DroidSansFallback.uexp" 136
"../../../Engine/Content/EngineFonts/Faces/DroidSansFallback.ufont" 137
"../../../Engine/Content/EngineFonts/Roboto.uasset" 138
"../../../Engine/Content/EngineFonts/Roboto.uexp" 139
"../../../Engine/Content/EngineMaterials/BaseFlattenNormalMap.uasset" 140
"../../../Engine/Content/EngineMaterials/BaseFlattenNormalMap.uexp" 141
"../../../Engine/Content/EngineMaterials/BaseFlattenGrayscaleMap.uasset" 142
"../../../Engine/Content/EngineMaterials/BaseFlattenGrayscaleMap.uexp" 143
"../../../Engine/Content/EngineMaterials/BaseFlattenEmissiveMap.uasset" 144
"../../../Engine/Content/EngineMaterials/BaseFlattenEmissiveMap.uexp" 145
"../../../Engine/Content/EngineMaterials/BaseFlattenDiffuseMap.uasset" 146
"../../../Engine/Content/EngineMaterials/BaseFlattenDiffuseMap.uexp" 147
"../../../Engine/Content/EngineMaterials/BaseFlattenMaterial.uasset" 148
"../../../Engine/Content/EngineMaterials/BaseFlattenMaterial.uexp" 149
"../../../Engine/Content/EngineMaterials/BlueNoise.uasset" 150
"../../../Engine/Content/EngineMaterials/BlueNoise.uexp" 151
"../../../Engine/Content/EngineMaterials/DefaultBloomKernel.uasset" 152
"../../../Engine/Content/EngineMaterials/DefaultBloomKernel.uexp" 153
"../../../Engine/Content/EngineMaterials/DefaultBokeh.uasset" 154
"../../../Engine/Content/EngineMaterials/DefaultBokeh.uexp" 155
"../../../Engine/Content/EngineMaterials/DefaultDiffuse.uasset" 156
"../../../Engine/Content/EngineMaterials/DefaultDiffuse.uexp" 157
"../../../Engine/Content/EngineMaterials/DefaultDiffuse.ubulk" 158
"../../../Engine/Content/EngineMaterials/DefaultDeferredDecalMaterial.uasset" 159
"../../../Engine/Content/EngineMaterials/DefaultDeferredDecalMaterial.uexp" 160
"../../../Engine/Content/EngineMaterials/DefaultLightFunctionMaterial.uasset" 161
"../../../Engine/Content/EngineMaterials/DefaultLightFunctionMaterial.uexp" 162
"../../../Engine/Content/EngineMaterials/DefaultPhysicalMaterial.uasset" 163
"../../../Engine/Content/EngineMaterials/DefaultPhysicalMaterial.uexp" 164
"../../../Engine/Content/Functions/Engine_MaterialFunctions02/Utility/BreakOutFloat2Components.uasset" 165
"../../../Engine/Content/Functions/Engine_MaterialFunctions02/Utility/BreakOutFloat2Components.uexp" 166
"../../../Engine/Content/EngineMaterials/DefaultPostProcessMaterial.uasset" 167
"../../../Engine/Content/EngineMaterials/DefaultPostProcessMaterial.uexp" 168
"../../../Engine/Content/EngineFonts/RobotoDistanceField.uasset" 169
"../../../Engine/Content/EngineFonts/RobotoDistanceField.uexp" 170
"../../../Engine/Content/EngineMaterials/DefaultTextMaterialOpaque.uasset" 171
"../../../Engine/Content/EngineMaterials/DefaultTextMaterialOpaque.uexp" 172
"../../../Engine/Content/EngineMaterials/DefaultWhiteGrid.uasset" 173
"../../../Engine/Content/EngineMaterials/DefaultWhiteGrid.uexp" 174
"../../../Engine/Content/EngineMaterials/DefaultWhiteGrid.ubulk" 175
"../../../Engine/Content/EngineMaterials/DefaultWhiteGrid_Low.uasset" 176
"../../../Engine/Content/EngineMaterials/DefaultWhiteGrid_Low.uexp" 177
"../../../Engine/Content/EngineMaterials/EmissiveMeshMaterial.uasset" 178
"../../../Engine/Content/EngineMaterials/EmissiveMeshMaterial.uexp" 179
"../../../Engine/Content/EngineMaterials/GizmoMaterial.uasset" 180
"../../../Engine/Content/EngineMaterials/GizmoMaterial.uexp" 181
"../../../Engine/Content/EngineMaterials/Good64x64TilingNoiseHighFreq.uasset" 182
"../../../Engine/Content/EngineMaterials/Good64x64TilingNoiseHighFreq.uexp" 183
"../../../Engine/Content/EngineMaterials/MiniFont.uasset" 184
"../../../Engine/Content/EngineMaterials/MiniFont.uexp" 185
"../../../Engine/Content/EngineMaterials/InvalidLightmapSettings.uasset" 186
"../../../Engine/Content/EngineMaterials/InvalidLightmapSettings.uexp" 187
"../../../Engine/Content/EngineMaterials/InvalidLightmapSettings.ubulk" 188
"../../../Engine/Content/EngineMaterials/M_InvalidLightmapSettings.uasset" 189
"../../../Engine/Content/EngineMaterials/M_InvalidLightmapSettings.uexp" 190
"../../../Engine/Content/Functions/Engine_MaterialFunctions02/WorldPositionOffset/CameraOffset.uasset" 191
"../../../Engine/Content/Functions/Engine_MaterialFunctions02/WorldPositionOffset/CameraOffset.uexp" 192
"../../../Engine/Content/EngineMaterials/PhAT_JointLimitMaterial.uasset" 193
"../../../Engine/Content/EngineMaterials/PhAT_JointLimitMaterial.uexp" 194
"../../../Engine/Content/EngineMaterials/DefaultCalibrationColor.uasset" 195
"../../../Engine/Content/EngineMaterials/DefaultCalibrationColor.uexp" 196
"../../../Engine/Content/EngineMaterials/PPM_DefaultCalibrationColor.uasset" 197
"../../../Engine/Content/EngineMaterials/PPM_DefaultCalibrationColor.uexp" 198
"../../../Engine/Content/EngineMaterials/DefaultCalibrationGrayscale.uasset" 199
"../../../Engine/Content/EngineMaterials/DefaultCalibrationGrayscale.uexp" 200
"../../../Engine/Content/EngineMaterials/PPM_DefaultCalibrationGrayscale.uasset" 201
"../../../Engine/Content/EngineMaterials/PPM_DefaultCalibrationGrayscale.uexp" 202
"../../../Engine/Content/EngineMaterials/PreintegratedSkinBRDF.uasset" 203
"../../../Engine/Content/EngineMaterials/PreintegratedSkinBRDF.uexp" 204
"../../../Engine/Content/EngineMaterials/RemoveSurfaceMaterial.uasset" 205
"../../../Engine/Content/EngineMaterials/RemoveSurfaceMaterial.uexp" 206
"../../../Engine/Content/EngineMaterials/WeightMapPlaceholderTexture.uasset" 207
"../../../Engine/Content/EngineMaterials/WeightMapPlaceholderTexture.uexp" 208
"../../../Engine/Content/EngineResources/WhiteSquareTexture.uasset" 209
"../../../Engine/Content/EngineResources/WhiteSquareTexture.uexp" 210
"../../../Engine/Content/EngineMaterials/Widget3DPassThrough.uasset" 211
"../../../Engine/Content/EngineMaterials/Widget3DPassThrough.uexp" 212
"../../../Engine/Content/EngineMaterials/Widget3DPassThrough_Masked.uasset" 213
"../../../Engine/Content/EngineMaterials/Widget3DPassThrough_Masked.uexp" 214
"../../../Engine/Content/EngineMaterials/Widget3DPassThrough_Opaque.uasset" 215
"../../../Engine/Content/EngineMaterials/Widget3DPassThrough_Opaque.uexp" 216
"../../../Engine/Content/EngineMaterials/Widget3DPassThrough_Masked_OneSided.uasset" 217
"../../../Engine/Content/EngineMaterials/Widget3DPassThrough_Masked_OneSided.uexp" 218
"../../../Engine/Content/EngineMaterials/Widget3DPassThrough_Opaque_OneSided.uasset" 219
"../../../Engine/Content/EngineMaterials/Widget3DPassThrough_Opaque_OneSided.uexp" 220
"../../../Engine/Content/EngineMaterials/Widget3DPassThrough_Translucent.uasset" 221
"../../../Engine/Content/EngineMaterials/Widget3DPassThrough_Translucent.uexp" 222
"../../../Engine/Content/EngineMaterials/Widget3DPassThrough_Translucent_OneSided.uasset" 223
"../../../Engine/Content/EngineMaterials/Widget3DPassThrough_Translucent_OneSided.uexp" 224
"../../../Engine/Content/EngineMaterials/DefaultMaterial.uasset" 225
"../../../Engine/Content/EngineMaterials/DefaultMaterial.uexp" 226
"../../../Engine/Content/EngineMeshes/Cylinder.uasset" 227
"../../../Engine/Content/EngineMeshes/Cylinder.uexp" 228
"../../../Engine/Content/EngineMeshes/Sphere.uasset" 229
"../../../Engine/Content/EngineMeshes/Sphere.uexp" 230
"../../../Engine/Content/EngineResources/DefaultTexture.uasset" 231
"../../../Engine/Content/EngineResources/DefaultTexture.uexp" 232
"../../../Engine/Content/EngineResources/DefaultTexture.ubulk" 233
"../../../Engine/Content/EngineResources/DefaultTextureCube.uasset" 234
"../../../Engine/Content/EngineResources/DefaultTextureCube.uexp" 235
"../../../Engine/Content/EngineResources/DefaultVolumeTexture2D.uasset" 236
"../../../Engine/Content/EngineResources/DefaultVolumeTexture2D.uexp" 237
"../../../Engine/Content/EngineResources/DefaultVolumeTexture.uasset" 238
"../../../Engine/Content/EngineResources/DefaultVolumeTexture.uexp" 239
"../../../Engine/Content/EngineResources/GradientTexture0.uasset" 240
"../../../Engine/Content/EngineResources/GradientTexture0.uexp" 241
"../../../Engine/Content/EngineSky/VolumetricClouds/T_NoiseShape64.uasset" 242
"../../../Engine/Content/EngineSky/VolumetricClouds/T_NoiseShape64.uexp" 243
"../../../Engine/Content/EngineSky/VolumetricClouds/T_NoiseShape64.ubulk" 244
"../../../Engine/Content/EngineSky/VolumetricClouds/T_VolumeNoiseShape64.uasset" 245
"../../../Engine/Content/EngineSky/VolumetricClouds/T_VolumeNoiseShape64.uexp" 246
"../../../Engine/Content/EngineSky/VolumetricClouds/T_NoiseErosion.uasset" 247
"../../../Engine/Content/EngineSky/VolumetricClouds/T_NoiseErosion.uexp" 248
"../../../Engine/Content/EngineSky/VolumetricClouds/T_NoiseErosion.ubulk" 249
"../../../Engine/Content/EngineSky/VolumetricClouds/T_VolumeNoiseErosion32.uasset" 250
"../../../Engine/Content/EngineSky/VolumetricClouds/T_VolumeNoiseErosion32.uexp" 251
"../../../Engine/Content/EngineSky/VolumetricClouds/CloudWeatherTexture.uasset" 252
"../../../Engine/Content/EngineSky/VolumetricClouds/CloudWeatherTexture.uexp" 253
"../../../Engine/Content/EngineSky/VolumetricClouds/CloudGradientTexture.uasset" 254
"../../../Engine/Content/EngineSky/VolumetricClouds/CloudGradientTexture.uexp" 255
"../../../Engine/Content/Functions/Engine_MaterialFunctions02/Utility/MakeFloat2.uasset" 256
"../../../Engine/Content/Functions/Engine_MaterialFunctions02/Utility/MakeFloat2.uexp" 257
"../../../Engine/Content/EngineSky/VolumetricClouds/m_SimpleVolumetricCloud.uasset" 258
"../../../Engine/Content/EngineSky/VolumetricClouds/m_SimpleVolumetricCloud.uexp" 259
"../../../Engine/Content/EngineSky/VolumetricClouds/m_SimpleVolumetricCloud_Inst.uasset" 260
"../../../Engine/Content/EngineSky/VolumetricClouds/m_SimpleVolumetricCloud_Inst.uexp" 261
"../../../Engine/Content/EngineSounds/Master.uasset" 262
"../../../Engine/Content/EngineSounds/Master.uexp" 263
"../../../Engine/Content/Functions/Engine_MaterialFunctions01/Shading/PowerToRoughness.uasset" 264
"../../../Engine/Content/Functions/Engine_MaterialFunctions01/Shading/PowerToRoughness.uexp" 265
"../../../Engine/Content/Maps/Templates/Thumbnails/Default.uasset" 266
"../../../Engine/Content/Maps/Templates/Thumbnails/Default.uexp" 267
"../../../Engine/Content/Maps/Templates/Thumbnails/TimeOfDay.uasset" 268
"../../../Engine/Content/Maps/Templates/Thumbnails/TimeOfDay.uexp" 269
"../../../Engine/Content/Maps/Templates/Thumbnails/VR-Basic.uasset" 270
"../../../Engine/Content/Maps/Templates/Thumbnails/VR-Basic.uexp" 271
"../../../Engine/Content/MobileResources/T_MobileControls_texture.uasset" 272
"../../../Engine/Content/MobileResources/T_MobileControls_texture.uexp" 273
"../../../Engine/Content/MobileResources/T_MobileMenu2.uasset" 274
"../../../Engine/Content/MobileResources/T_MobileMenu2.uexp" 275
"../../../Engine/Content/MobileResources/HUD/AnalogHat.uasset" 276
"../../../Engine/Content/MobileResources/HUD/AnalogHat.uexp" 277
"../../../Engine/Content/MobileResources/HUD/VirtualJoystick_Thumb.uasset" 278
"../../../Engine/Content/MobileResources/HUD/VirtualJoystick_Thumb.uexp" 279
"../../../Engine/Content/MobileResources/HUD/VirtualJoystick_Background.uasset" 280
"../../../Engine/Content/MobileResources/HUD/VirtualJoystick_Background.uexp" 281
"../../../Engine/Content/MobileResources/HUD/DefaultVirtualJoysticks.uasset" 282
"../../../Engine/Content/MobileResources/HUD/DefaultVirtualJoysticks.uexp" 283
"../../../Engine/Content/MobileResources/HUD/LeftVirtualJoystickOnly.uasset" 284
"../../../Engine/Content/MobileResources/HUD/LeftVirtualJoystickOnly.uexp" 285
"../../../Engine/Content/MobileResources/HUD/MobileHUDButton1_off.uasset" 286
"../../../Engine/Content/MobileResources/HUD/MobileHUDButton1_off.uexp" 287
"../../../Engine/Content/MobileResources/HUD/MobileHUDButton1_on.uasset" 288
"../../../Engine/Content/MobileResources/HUD/MobileHUDButton1_on.uexp" 289
"../../../Engine/Content/MobileResources/HUD/MobileHUDButton2_off.uasset" 290
"../../../Engine/Content/MobileResources/HUD/MobileHUDButton2_off.uexp" 291
"../../../Engine/Content/MobileResources/HUD/MobileHUDButton2_on.uasset" 292
"../../../Engine/Content/MobileResources/HUD/MobileHUDButton2_on.uexp" 293
"../../../Engine/Content/MobileResources/HUD/MobileHUDButton3.uasset" 294
"../../../Engine/Content/MobileResources/HUD/MobileHUDButton3.uexp" 295
"../../../Engine/Content/MobileResources/HUD/MobileHUDButtonFire.uasset" 296
"../../../Engine/Content/MobileResources/HUD/MobileHUDButtonFire.uexp" 297
"../../../Engine/Content/MobileResources/HUD/MobileHUDDirectionPad.uasset" 298
"../../../Engine/Content/MobileResources/HUD/MobileHUDDirectionPad.uexp" 299
"../../../Engine/Content/MobileResources/HUD/MobileHUDDirectionPad2.uasset" 300
"../../../Engine/Content/MobileResources/HUD/MobileHUDDirectionPad2.uexp" 301
"../../../Engine/Content/MobileResources/HUD/MobileHUDDirectionPad3.uasset" 302
"../../../Engine/Content/MobileResources/HUD/MobileHUDDirectionPad3.uexp" 303
"../../../Engine/Content/MobileResources/HUD/MobileHUDDirectionStick.uasset" 304
"../../../Engine/Content/MobileResources/HUD/MobileHUDDirectionStick.uexp" 305
"../../../Engine/Content/MobileResources/HUD/T_Castle_ThumbstickInner.uasset" 306
"../../../Engine/Content/MobileResources/HUD/T_Castle_ThumbstickInner.uexp" 307
"../../../Engine/Content/MobileResources/HUD/T_Castle_ThumbstickOutter.uasset" 308
"../../../Engine/Content/MobileResources/HUD/T_Castle_ThumbstickOutter.uexp" 309
"../../../Engine/Content/Tutorial/ContentIntroCurve.uasset" 310
"../../../Engine/Content/Tutorial/ContentIntroCurve.uexp" 311
"../../../Engine/Content/Tutorial/Basics/TutorialAssets/icon_tab_Levels_40x.uasset" 312
"../../../Engine/Content/Tutorial/Basics/TutorialAssets/icon_tab_Levels_40x.uexp" 313
"../../../Engine/Content/Tutorial/BlueprintTutorials/TutorialAssets/Blueprint_64x.uasset" 314
"../../../Engine/Content/Tutorial/BlueprintTutorials/TutorialAssets/Blueprint_64x.uexp" 315
"../../../Engine/Content/VREditor/TransformGizmo/TranslucentTransformGizmoMaterial.uasset" 316
"../../../Engine/Content/VREditor/TransformGizmo/TranslucentTransformGizmoMaterial.uexp" 317
"../../../Engine/Content/VREditor/LaserPointer/VR_LaserPower_01.uasset" 318
"../../../Engine/Content/VREditor/LaserPointer/VR_LaserPower_01.uexp" 319
"../../../Engine/Content/VREditor/LaserPointer/VR_LaserPower_01.ubulk" 320
"../../../Engine/Content/VREditor/TransformGizmo/TransformGizmoMaterial.uasset" 321
"../../../Engine/Content/VREditor/TransformGizmo/TransformGizmoMaterial.uexp" 322
"../../../Engine/Content/VREditor/TransformGizmo/BoundingBoxCorner.uasset" 323
"../../../Engine/Content/VREditor/TransformGizmo/BoundingBoxCorner.uexp" 324
"../../../Engine/Content/VREditor/TransformGizmo/BoundingBoxEdge.uasset" 325
"../../../Engine/Content/VREditor/TransformGizmo/BoundingBoxEdge.uexp" 326
"../../../Engine/Content/VREditor/TransformGizmo/PlaneTranslationHandle.uasset" 327
"../../../Engine/Content/VREditor/TransformGizmo/PlaneTranslationHandle.uexp" 328
"../../../Engine/Content/VREditor/TransformGizmo/Xray.uasset" 329
"../../../Engine/Content/VREditor/TransformGizmo/Xray.uexp" 330
"../../../Engine/Content/VREditor/TransformGizmo/Main.uasset" 331
"../../../Engine/Content/VREditor/TransformGizmo/Main.uexp" 332
"../../../Engine/Content/VREditor/TransformGizmo/SM_Sequencer_Key.uasset" 333
"../../../Engine/Content/VREditor/TransformGizmo/SM_Sequencer_Key.uexp" 334
"../../../Engine/Content/VREditor/TransformGizmo/SM_Sequencer_Node.uasset" 335
"../../../Engine/Content/VREditor/TransformGizmo/SM_Sequencer_Node.uexp" 336
"../../../Engine/Plugins/2D/Paper2D/Content/PlaceholderTextures/DummySpriteTexture.uasset" 337
"../../../Engine/Plugins/2D/Paper2D/Content/PlaceholderTextures/DummySpriteTexture.uexp" 338
"../../../Engine/Plugins/2D/Paper2D/Content/PlaceholderTextures/DummySpriteTexture.ubulk" 339
"../../../Engine/Plugins/2D/Paper2D/Content/DummySprite.uasset" 340
"../../../Engine/Plugins/2D/Paper2D/Content/DummySprite.uexp" 341
"../../../Engine/Plugins/2D/Paper2D/Content/DefaultPaperTerrainMaterial.uasset" 342
"../../../Engine/Plugins/2D/Paper2D/Content/DefaultPaperTerrainMaterial.uexp" 343
"../../../Engine/Plugins/2D/Paper2D/Content/DefaultSpriteMaterial.uasset" 344
"../../../Engine/Plugins/2D/Paper2D/Content/DefaultSpriteMaterial.uexp" 345
"../../../Engine/Plugins/2D/Paper2D/Content/MaskedUnlitSpriteMaterial.uasset" 346
"../../../Engine/Plugins/2D/Paper2D/Content/MaskedUnlitSpriteMaterial.uexp" 347
"../../../Engine/Plugins/2D/Paper2D/Content/OpaqueUnlitSpriteMaterial.uasset" 348
"../../../Engine/Plugins/2D/Paper2D/Content/OpaqueUnlitSpriteMaterial.uexp" 349
"../../../Engine/Content/Functions/Engine_MaterialFunctions02/Utility/BreakOutFloat3Components.uasset" 350
"../../../Engine/Content/Functions/Engine_MaterialFunctions02/Utility/BreakOutFloat3Components.uexp" 351
"../../../Engine/Plugins/Editor/SpeedTreeImporter/Content/SpeedTree9/UnpackInteger3.uasset" 352
"../../../Engine/Plugins/Editor/SpeedTreeImporter/Content/SpeedTree9/UnpackInteger3.uexp" 353
"../../../Engine/Plugins/Editor/SpeedTreeImporter/Content/SpeedTree9/UnpackDirection.uasset" 354
"../../../Engine/Plugins/Editor/SpeedTreeImporter/Content/SpeedTree9/UnpackDirection.uexp" 355
"../../../Engine/Plugins/Editor/SpeedTreeImporter/Content/SpeedTree9/game_wind_noise.uasset" 356
"../../../Engine/Plugins/Editor/SpeedTreeImporter/Content/SpeedTree9/game_wind_noise.uexp" 357
"../../../Engine/Plugins/Editor/SpeedTreeImporter/Content/SpeedTree9/game_wind_noise.ubulk" 358
"../../../Engine/Content/Functions/Engine_MaterialFunctions02/SafeNormalize.uasset" 359
"../../../Engine/Content/Functions/Engine_MaterialFunctions02/SafeNormalize.uexp" 360
"../../../Engine/Plugins/Editor/SpeedTreeImporter/Content/SpeedTree9/SpeedTreeWindMotion.uasset" 361
"../../../Engine/Plugins/Editor/SpeedTreeImporter/Content/SpeedTree9/SpeedTreeWindMotion.uexp" 362
"../../../Engine/Plugins/Editor/SpeedTreeImporter/Content/SpeedTree9/SpeedTreeBranchMotion.uasset" 363
"../../../Engine/Plugins/Editor/SpeedTreeImporter/Content/SpeedTree9/SpeedTreeBranchMotion.uexp" 364
"../../../Engine/Content/Functions/Engine_MaterialFunctions02/ObjectLocalBounds.uasset" 365
"../../../Engine/Content/Functions/Engine_MaterialFunctions02/ObjectLocalBounds.uexp" 366
"../../../Engine/Content/Functions/Engine_MaterialFunctions02/UVs/BoundingBoxBased_0-1_UVW.uasset" 367
"../../../Engine/Content/Functions/Engine_MaterialFunctions02/UVs/BoundingBoxBased_0-1_UVW.uexp" 368
"../../../Engine/Content/Functions/Engine_MaterialFunctions02/Utility/VectorLength.uasset" 369
"../../../Engine/Content/Functions/Engine_MaterialFunctions02/Utility/VectorLength.uexp" 370
"../../../Engine/Content/Functions/Engine_MaterialFunctions02/WorldPositionOffset/ObjectScale.uasset" 371
"../../../Engine/Content/Functions/Engine_MaterialFunctions02/WorldPositionOffset/ObjectScale.uexp" 372
"../../../Engine/Plugins/Editor/SpeedTreeImporter/Content/SpeedTree9/SpeedTreeWind.uasset" 373
"../../../Engine/Plugins/Editor/SpeedTreeImporter/Content/SpeedTree9/SpeedTreeWind.uexp" 374
"../../../Engine/Plugins/Editor/SpeedTreeImporter/Content/SpeedTree9/SpeedTreeBillboard.uasset" 375
"../../../Engine/Plugins/Editor/SpeedTreeImporter/Content/SpeedTree9/SpeedTreeBillboard.uexp" 376
"../../../Engine/Plugins/Editor/SpeedTreeImporter/Content/SpeedTree9/EmptyNormal.uasset" 377
"../../../Engine/Plugins/Editor/SpeedTreeImporter/Content/SpeedTree9/EmptyNormal.uexp" 378
"../../../Engine/Plugins/Editor/SpeedTreeImporter/Content/SpeedTree9/Empty.uasset" 379
"../../../Engine/Plugins/Editor/SpeedTreeImporter/Content/SpeedTree9/Empty.uexp" 380
"../../../Engine/Plugins/Editor/SpeedTreeImporter/Content/SpeedTree9/SpeedTreeBillboardMaster.uasset" 381
"../../../Engine/Plugins/Editor/SpeedTreeImporter/Content/SpeedTree9/SpeedTreeBillboardMaster.uexp" 382
"../../../Engine/Plugins/Editor/SpeedTreeImporter/Content/SpeedTree9/SpeedTreeCameraFacing.uasset" 383
"../../../Engine/Plugins/Editor/SpeedTreeImporter/Content/SpeedTree9/SpeedTreeCameraFacing.uexp" 384
"../../../Engine/Plugins/Editor/SpeedTreeImporter/Content/SpeedTree9/SpeedTreeMaster.uasset" 385
"../../../Engine/Plugins/Editor/SpeedTreeImporter/Content/SpeedTree9/SpeedTreeMaster.uexp" 386
"../../../Engine/Content/BasicShapes/Cylinder.uasset" 387
"../../../Engine/Content/BasicShapes/Cylinder.uexp" 388
"../../../Engine/Content/ArtTools/RenderToTexture/Materials/Debug/M_Emissive_Color.uasset" 389
"../../../Engine/Content/ArtTools/RenderToTexture/Materials/Debug/M_Emissive_Color.uexp" 390
"../../../Engine/Plugins/Lumin/MagicLeapPassableWorld/Content/MagicLeapARPinInfoActor.uasset" 391
"../../../Engine/Plugins/Lumin/MagicLeapPassableWorld/Content/MagicLeapARPinInfoActor.uexp" 392
"../../../Engine/Plugins/Runtime/OpenXR/Content/Devices/GoogleDaydream/MRTexture.uasset" 393
"../../../Engine/Plugins/Runtime/OpenXR/Content/Devices/GoogleDaydream/MRTexture.uexp" 394
"../../../Engine/Plugins/Runtime/OpenXR/Content/Devices/GoogleDaydream/MRTexture.ubulk" 395
"../../../Engine/Plugins/Runtime/OpenXR/Content/Devices/GoogleDaydream/BaseTexture.uasset" 396
"../../../Engine/Plugins/Runtime/OpenXR/Content/Devices/GoogleDaydream/BaseTexture.uexp" 397
"../../../Engine/Plugins/Runtime/OpenXR/Content/Devices/GoogleDaydream/BaseTexture.ubulk" 398
"../../../Engine/Content/EngineResources/Black.uasset" 399
"../../../Engine/Content/EngineResources/Black.uexp" 400
"../../../Engine/Plugins/Runtime/OpenXR/Content/Devices/M_XRController.uasset" 401
"../../../Engine/Plugins/Runtime/OpenXR/Content/Devices/M_XRController.uexp" 402
"../../../Engine/Plugins/Runtime/OpenXR/Content/Devices/GoogleDaydream/MI_GoogleDaydream.uasset" 403
"../../../Engine/Plugins/Runtime/OpenXR/Content/Devices/GoogleDaydream/MI_GoogleDaydream.uexp" 404
"../../../Engine/Plugins/Runtime/OpenXR/Content/Devices/GoogleDaydream/GoogleDaydreamController.uasset" 405
"../../../Engine/Plugins/Runtime/OpenXR/Content/Devices/GoogleDaydream/GoogleDaydreamController.uexp" 406
"../../../Engine/Plugins/Runtime/OpenXR/Content/Devices/HTCVive/BaseTexture.uasset" 407
"../../../Engine/Plugins/Runtime/OpenXR/Content/Devices/HTCVive/BaseTexture.uexp" 408
"../../../Engine/Plugins/Runtime/OpenXR/Content/Devices/HTCVive/BaseTexture.ubulk" 409
"../../../Engine/Plugins/Runtime/OpenXR/Content/Devices/HTCVive/MI_HTCVive.uasset" 410
"../../../Engine/Plugins/Runtime/OpenXR/Content/Devices/HTCVive/MI_HTCVive.uexp" 411
"../../../Engine/Plugins/Runtime/OpenXR/Content/Devices/HTCVive/HTCViveController.uasset" 412
"../../../Engine/Plugins/Runtime/OpenXR/Content/Devices/HTCVive/HTCViveController.uexp" 413
"../../../Engine/Plugins/Runtime/OpenXR/Content/Devices/MicrosoftMixedReality/NormalTexture.uasset" 414
"../../../Engine/Plugins/Runtime/OpenXR/Content/Devices/MicrosoftMixedReality/NormalTexture.uexp" 415
"../../../Engine/Plugins/Runtime/OpenXR/Content/Devices/MicrosoftMixedReality/NormalTexture.ubulk" 416
"../../../Engine/Plugins/Runtime/OpenXR/Content/Devices/MicrosoftMixedReality/MRTexture.uasset" 417
"../../../Engine/Plugins/Runtime/OpenXR/Content/Devices/MicrosoftMixedReality/MRTexture.uexp" 418
"../../../Engine/Plugins/Runtime/OpenXR/Content/Devices/MicrosoftMixedReality/MRTexture.ubulk" 419
"../../../Engine/Plugins/Runtime/OpenXR/Content/Devices/MicrosoftMixedReality/EmissiveTexture.uasset" 420
"../../../Engine/Plugins/Runtime/OpenXR/Content/Devices/MicrosoftMixedReality/EmissiveTexture.uexp" 421
"../../../Engine/Plugins/Runtime/OpenXR/Content/Devices/MicrosoftMixedReality/EmissiveTexture.ubulk" 422
"../../../Engine/Plugins/Runtime/OpenXR/Content/Devices/MicrosoftMixedReality/BaseTexture.uasset" 423
"../../../Engine/Plugins/Runtime/OpenXR/Content/Devices/MicrosoftMixedReality/BaseTexture.uexp" 424
"../../../Engine/Plugins/Runtime/OpenXR/Content/Devices/MicrosoftMixedReality/BaseTexture.ubulk" 425
"../../../Engine/Plugins/Runtime/OpenXR/Content/Devices/MicrosoftMixedReality/MI_MicrosoftMixedReality.uasset" 426
"../../../Engine/Plugins/Runtime/OpenXR/Content/Devices/MicrosoftMixedReality/MI_MicrosoftMixedReality.uexp" 427
"../../../Engine/Plugins/Runtime/OpenXR/Content/Devices/MicrosoftMixedReality/Left/left_MicrosoftMixedRealityController.uasset" 428
"../../../Engine/Plugins/Runtime/OpenXR/Content/Devices/MicrosoftMixedReality/Left/left_MicrosoftMixedRealityController.uexp" 429
"../../../Engine/Plugins/Runtime/OpenXR/Content/Devices/MicrosoftMixedReality/Right/right_MicrosoftMixedRealityController.uasset" 430
"../../../Engine/Plugins/Runtime/OpenXR/Content/Devices/MicrosoftMixedReality/Right/right_MicrosoftMixedRealityController.uexp" 431
"../../../Engine/Plugins/Runtime/OpenXR/Content/Devices/OculusGo/BaseTexture.uasset" 432
"../../../Engine/Plugins/Runtime/OpenXR/Content/Devices/OculusGo/BaseTexture.uexp" 433
"../../../Engine/Plugins/Runtime/OpenXR/Content/Devices/OculusGo/BaseTexture.ubulk" 434
"../../../Engine/Plugins/Runtime/OpenXR/Content/Devices/OculusGo/MI_OculusGo.uasset" 435
"../../../Engine/Plugins/Runtime/OpenXR/Content/Devices/OculusGo/MI_OculusGo.uexp" 436
"../../../Engine/Plugins/Runtime/OpenXR/Content/Devices/OculusGo/OculusGoController.uasset" 437
"../../../Engine/Plugins/Runtime/OpenXR/Content/Devices/OculusGo/OculusGoController.uexp" 438
"../../../Engine/Plugins/Runtime/OpenXR/Content/Devices/OculusTouch/MRTexture.uasset" 439
"../../../Engine/Plugins/Runtime/OpenXR/Content/Devices/OculusTouch/MRTexture.uexp" 440
"../../../Engine/Plugins/Runtime/OpenXR/Content/Devices/OculusTouch/MRTexture.ubulk" 441
"../../../Engine/Plugins/Runtime/OpenXR/Content/Devices/OculusTouch/BaseTexture.uasset" 442
"../../../Engine/Plugins/Runtime/OpenXR/Content/Devices/OculusTouch/BaseTexture.uexp" 443
"../../../Engine/Plugins/Runtime/OpenXR/Content/Devices/OculusTouch/BaseTexture.ubulk" 444
"../../../Engine/Plugins/Runtime/OpenXR/Content/Devices/OculusTouch/MI_OculusTouch.uasset" 445
"../../../Engine/Plugins/Runtime/OpenXR/Content/Devices/OculusTouch/MI_OculusTouch.uexp" 446
"../../../Engine/Plugins/Runtime/OpenXR/Content/Devices/OculusTouch/Left/left_OculusTouchController.uasset" 447
"../../../Engine/Plugins/Runtime/OpenXR/Content/Devices/OculusTouch/Left/left_OculusTouchController.uexp" 448
"../../../Engine/Plugins/Runtime/OpenXR/Content/Devices/OculusTouch/Right/right_OculusTouchController.uasset" 449
"../../../Engine/Plugins/Runtime/OpenXR/Content/Devices/OculusTouch/Right/right_OculusTouchController.uexp" 450
"../../../Engine/Plugins/Runtime/OpenXR/Content/Devices/OculusTouch_v2/MRTexture.uasset" 451
"../../../Engine/Plugins/Runtime/OpenXR/Content/Devices/OculusTouch_v2/MRTexture.uexp" 452
"../../../Engine/Plugins/Runtime/OpenXR/Content/Devices/OculusTouch_v2/MRTexture.ubulk" 453
"../../../Engine/Plugins/Runtime/OpenXR/Content/Devices/OculusTouch_v2/BaseTexture.uasset" 454
"../../../Engine/Plugins/Runtime/OpenXR/Content/Devices/OculusTouch_v2/BaseTexture.uexp" 455
"../../../Engine/Plugins/Runtime/OpenXR/Content/Devices/OculusTouch_v2/BaseTexture.ubulk" 456
"../../../Engine/Plugins/Runtime/OpenXR/Content/Devices/OculusTouch_v2/MI_OculusTouch_v2.uasset" 457
"../../../Engine/Plugins/Runtime/OpenXR/Content/Devices/OculusTouch_v2/MI_OculusTouch_v2.uexp" 458
"../../../Engine/Plugins/Runtime/OpenXR/Content/Devices/OculusTouch_v2/Left/left_OculusTouch_v2Controller.uasset" 459
"../../../Engine/Plugins/Runtime/OpenXR/Content/Devices/OculusTouch_v2/Left/left_OculusTouch_v2Controller.uexp" 460
"../../../Engine/Plugins/Runtime/OpenXR/Content/Devices/OculusTouch_v2/Right/right_OculusTouch_v2Controller.uasset" 461
"../../../Engine/Plugins/Runtime/OpenXR/Content/Devices/OculusTouch_v2/Right/right_OculusTouch_v2Controller.uexp" 462
"../../../Engine/Plugins/Runtime/OpenXR/Content/Devices/OculusTouch_v3/MRTexture.uasset" 463
"../../../Engine/Plugins/Runtime/OpenXR/Content/Devices/OculusTouch_v3/MRTexture.uexp" 464
"../../../Engine/Plugins/Runtime/OpenXR/Content/Devices/OculusTouch_v3/MRTexture.ubulk" 465
"../../../Engine/Plugins/Runtime/OpenXR/Content/Devices/OculusTouch_v3/BaseTexture.uasset" 466
"../../../Engine/Plugins/Runtime/OpenXR/Content/Devices/OculusTouch_v3/BaseTexture.uexp" 467
"../../../Engine/Plugins/Runtime/OpenXR/Content/Devices/OculusTouch_v3/BaseTexture.ubulk" 468
"../../../Engine/Plugins/Runtime/OpenXR/Content/Devices/OculusTouch_v3/MI_OculusTouch_v3.uasset" 469
"../../../Engine/Plugins/Runtime/OpenXR/Content/Devices/OculusTouch_v3/MI_OculusTouch_v3.uexp" 470
"../../../Engine/Plugins/Runtime/OpenXR/Content/Devices/OculusTouch_v3/Left/left_OculusTouch_v3Controller.uasset" 471
"../../../Engine/Plugins/Runtime/OpenXR/Content/Devices/OculusTouch_v3/Left/left_OculusTouch_v3Controller.uexp" 472
"../../../Engine/Plugins/Runtime/OpenXR/Content/Devices/OculusTouch_v3/Right/right_OculusTouch_v3Controller.uasset" 473
"../../../Engine/Plugins/Runtime/OpenXR/Content/Devices/OculusTouch_v3/Right/right_OculusTouch_v3Controller.uexp" 474
"../../../Engine/Plugins/Runtime/OpenXR/Content/Devices/ValveIndex/MRTexture.uasset" 475
"../../../Engine/Plugins/Runtime/OpenXR/Content/Devices/ValveIndex/MRTexture.uexp" 476
"../../../Engine/Plugins/Runtime/OpenXR/Content/Devices/ValveIndex/MRTexture.ubulk" 477
"../../../Engine/Plugins/Runtime/OpenXR/Content/Devices/ValveIndex/BaseTexture.uasset" 478
"../../../Engine/Plugins/Runtime/OpenXR/Content/Devices/ValveIndex/BaseTexture.uexp" 479
"../../../Engine/Plugins/Runtime/OpenXR/Content/Devices/ValveIndex/BaseTexture.ubulk" 480
"../../../Engine/Plugins/Runtime/OpenXR/Content/Devices/ValveIndex/Left/MI_left_ValveIndex.uasset" 481
"../../../Engine/Plugins/Runtime/OpenXR/Content/Devices/ValveIndex/Left/MI_left_ValveIndex.uexp" 482
"../../../Engine/Plugins/Runtime/OpenXR/Content/Devices/ValveIndex/Left/left_ValveIndexController.uasset" 483
"../../../Engine/Plugins/Runtime/OpenXR/Content/Devices/ValveIndex/Left/left_ValveIndexController.uexp" 484
"../../../Engine/Plugins/Runtime/OpenXR/Content/Devices/ValveIndex/Right/MI_right_ValveIndex.uasset" 485
"../../../Engine/Plugins/Runtime/OpenXR/Content/Devices/ValveIndex/Right/MI_right_ValveIndex.uexp" 486
"../../../Engine/Plugins/Runtime/OpenXR/Content/Devices/ValveIndex/Right/right_ValveIndexController.uasset" 487
"../../../Engine/Plugins/Runtime/OpenXR/Content/Devices/ValveIndex/Right/right_ValveIndexController.uexp" 488
"../../../Engine/Content/Functions/Engine_MaterialFunctions02/Utility/BreakOutFloat4Components.uasset" 489
"../../../Engine/Content/Functions/Engine_MaterialFunctions02/Utility/BreakOutFloat4Components.uexp" 490
"../../../Engine/Content/Functions/Engine_MaterialFunctions02/Utility/MakeFloat3.uasset" 491
"../../../Engine/Content/Functions/Engine_MaterialFunctions02/Utility/MakeFloat3.uexp" 492
"../../../Engine/Plugins/Runtime/Oculus/OculusVR/Content/Materials/OculusMR_ChromaKey.uasset" 493
"../../../Engine/Plugins/Runtime/Oculus/OculusVR/Content/Materials/OculusMR_ChromaKey.uexp" 494
"../../../Engine/Plugins/Runtime/Oculus/OculusVR/Content/Materials/OculusMR_OpaqueColoredMaterial.uasset" 495
"../../../Engine/Plugins/Runtime/Oculus/OculusVR/Content/Materials/OculusMR_OpaqueColoredMaterial.uexp" 496
"../../../Engine/Plugins/Runtime/Oculus/OculusVR/Content/Materials/PokeAHoleMaterial.uasset" 497
"../../../Engine/Plugins/Runtime/Oculus/OculusVR/Content/Materials/PokeAHoleMaterial.uexp" 498
"../../../Engine/Plugins/Runtime/Oculus/OculusVR/Content/Textures/touchController_controlmap.uasset" 499
"../../../Engine/Plugins/Runtime/Oculus/OculusVR/Content/Textures/touchController_controlmap.uexp" 500
"../../../Engine/Plugins/Runtime/Oculus/OculusVR/Content/Textures/touchController_controlmap.ubulk" 501
"../../../Engine/Plugins/Runtime/Oculus/OculusVR/Content/Textures/touchController_albedo.uasset" 502
"../../../Engine/Plugins/Runtime/Oculus/OculusVR/Content/Textures/touchController_albedo.uexp" 503
"../../../Engine/Plugins/Runtime/Oculus/OculusVR/Content/Textures/touchController_albedo.ubulk" 504
"../../../Engine/Plugins/Runtime/Oculus/OculusVR/Content/Materials/touchController_mat.uasset" 505
"../../../Engine/Plugins/Runtime/Oculus/OculusVR/Content/Materials/touchController_mat.uexp" 506
"../../../Engine/Plugins/Runtime/Oculus/OculusVR/Content/Meshes/LeftTouchController.uasset" 507
"../../../Engine/Plugins/Runtime/Oculus/OculusVR/Content/Meshes/LeftTouchController.uexp" 508
"../../../Engine/Plugins/Runtime/Oculus/OculusVR/Content/Textures/TouchForQuestRiftSController_albedo.uasset" 509
"../../../Engine/Plugins/Runtime/Oculus/OculusVR/Content/Textures/TouchForQuestRiftSController_albedo.uexp" 510
"../../../Engine/Plugins/Runtime/Oculus/OculusVR/Content/Textures/TouchForQuestRiftSController_albedo.ubulk" 511
"../../../Engine/Plugins/Runtime/Oculus/OculusVR/Content/Materials/TouchForQuestRiftSControllerMaterial.uasset" 512
"../../../Engine/Plugins/Runtime/Oculus/OculusVR/Content/Materials/TouchForQuestRiftSControllerMaterial.uexp" 513
"../../../Engine/Plugins/Runtime/Oculus/OculusVR/Content/Meshes/LeftTouchForQuestRiftSController.uasset" 514
"../../../Engine/Plugins/Runtime/Oculus/OculusVR/Content/Meshes/LeftTouchForQuestRiftSController.uexp" 515
"../../../Engine/Plugins/Runtime/Oculus/OculusVR/Content/Meshes/RiftHMD.uasset" 516
"../../../Engine/Plugins/Runtime/Oculus/OculusVR/Content/Meshes/RiftHMD.uexp" 517
"../../../Engine/Plugins/Runtime/Oculus/OculusVR/Content/Meshes/RightTouchController.uasset" 518
"../../../Engine/Plugins/Runtime/Oculus/OculusVR/Content/Meshes/RightTouchController.uexp" 519
"../../../Engine/Plugins/Runtime/Oculus/OculusVR/Content/Meshes/RightTouchForQuestRiftSController.uasset" 520
"../../../Engine/Plugins/Runtime/Oculus/OculusVR/Content/Meshes/RightTouchForQuestRiftSController.uexp" 521
"../../../Engine/Content/EngineSky/T_Sky_Stars.uasset" 522
"../../../Engine/Content/EngineSky/T_Sky_Stars.uexp" 523
"../../../Engine/Content/EngineSky/T_Sky_Stars.ubulk" 524
"../../../Engine/Content/EngineSky/T_Sky_Clouds_M.uasset" 525
"../../../Engine/Content/EngineSky/T_Sky_Clouds_M.uexp" 526
"../../../Engine/Content/EngineSky/T_Sky_Clouds_M.ubulk" 527
"../../../Engine/Content/EngineSky/T_Sky_Blue.uasset" 528
"../../../Engine/Content/EngineSky/T_Sky_Blue.uexp" 529
"../../../Engine/Content/EngineSky/T_Sky_Blue.ubulk" 530
"../../../Engine/Content/EngineSky/M_Sky_Panning_Clouds2.uasset" 531
"../../../Engine/Content/EngineSky/M_Sky_Panning_Clouds2.uexp" 532
"../../../Engine/Content/EngineSky/SM_SkySphere.uasset" 533
"../../../Engine/Content/EngineSky/SM_SkySphere.uexp" 534
"../../../Engine/Content/EngineSky/C_Sky_Zenith_Color.uasset" 535
"../../../Engine/Content/EngineSky/C_Sky_Zenith_Color.uexp" 536
"../../../Engine/Content/EngineSky/C_Sky_Horizon_Color.uasset" 537
"../../../Engine/Content/EngineSky/C_Sky_Horizon_Color.uexp" 538
"../../../Engine/Content/EngineSky/C_Sky_Cloud_Color.uasset" 539
"../../../Engine/Content/EngineSky/C_Sky_Cloud_Color.uexp" 540
"../../../Engine/Content/EditorBlueprintResources/StandardMacros.uasset" 541
"../../../Engine/Content/EditorBlueprintResources/StandardMacros.uexp" 542
"../../../Engine/Content/EngineSky/BP_Sky_Sphere.uasset" 543
"../../../Engine/Content/EngineSky/BP_Sky_Sphere.uexp" 544
"C:/Users/nerot/git.repo/Arena/Content/FirstPersonCPP/Blueprints/BP_MenuPawn.uasset" 545
"C:/Users/nerot/git.repo/Arena/Content/FirstPersonCPP/Blueprints/BP_MenuPawn.uexp" 546
"C:/Users/nerot/git.repo/Arena/Content/FirstPersonCPP/Blueprints/BPI_Network.uasset" 547
"C:/Users/nerot/git.repo/Arena/Content/FirstPersonCPP/Blueprints/BPI_Network.uexp" 548
"C:/Users/nerot/git.repo/Arena/Content/FirstPersonCPP/Blueprints/Widgets/BPW_PlayerLine.uasset" 549
"C:/Users/nerot/git.repo/Arena/Content/FirstPersonCPP/Blueprints/Widgets/BPW_PlayerLine.uexp" 550
"C:/Users/nerot/git.repo/Arena/Content/FirstPersonCPP/Blueprints/Widgets/BPW_LobbyMenu.uasset" 551
"C:/Users/nerot/git.repo/Arena/Content/FirstPersonCPP/Blueprints/Widgets/BPW_LobbyMenu.uexp" 552
"C:/Users/nerot/git.repo/Arena/Content/FirstPersonCPP/Blueprints/Framework/BP_LobbyController.uasset" 553
"C:/Users/nerot/git.repo/Arena/Content/FirstPersonCPP/Blueprints/Framework/BP_LobbyController.uexp" 554
"C:/Users/nerot/git.repo/Arena/Content/FirstPersonCPP/Blueprints/Framework/BP_LobbyGameState.uasset" 555
"C:/Users/nerot/git.repo/Arena/Content/FirstPersonCPP/Blueprints/Framework/BP_LobbyGameState.uexp" 556
"C:/Users/nerot/git.repo/Arena/Content/FirstPersonCPP/Blueprints/Widgets/BPW_MatchLine.uasset" 557
"C:/Users/nerot/git.repo/Arena/Content/FirstPersonCPP/Blueprints/Widgets/BPW_MatchLine.uexp" 558
"C:/Users/nerot/git.repo/Arena/Content/FirstPersonCPP/Blueprints/Widgets/BPW_MainMenu.uasset" 559
"C:/Users/nerot/git.repo/Arena/Content/FirstPersonCPP/Blueprints/Widgets/BPW_MainMenu.uexp" 560
"C:/Users/nerot/git.repo/Arena/Content/FirstPersonCPP/Blueprints/Framework/BP_GameInstance.uasset" 561
"C:/Users/nerot/git.repo/Arena/Content/FirstPersonCPP/Blueprints/Framework/BP_GameInstance.uexp" 562
"C:/Users/nerot/git.repo/Arena/Content/FirstPersonCPP/Blueprints/Framework/BP_LobbyGameMode.uasset" 563
"C:/Users/nerot/git.repo/Arena/Content/FirstPersonCPP/Blueprints/Framework/BP_LobbyGameMode.uexp" 564
"C:/Users/nerot/git.repo/Arena/Content/FirstPersonCPP/Maps/LobbyMenu.uexp" 565
"C:/Users/nerot/git.repo/Arena/Content/FirstPersonCPP/Maps/LobbyMenu.umap" 566
"C:/Users/nerot/git.repo/Arena/Content/FirstPersonCPP/Maps/MainMenu_BuiltData.uasset" 567
"C:/Users/nerot/git.repo/Arena/Content/FirstPersonCPP/Maps/MainMenu_BuiltData.uexp" 568
"C:/Users/nerot/git.repo/Arena/Content/FirstPersonCPP/Blueprints/Framework/BP_MenuGameState.uasset" 569
"C:/Users/nerot/git.repo/Arena/Content/FirstPersonCPP/Blueprints/Framework/BP_MenuGameState.uexp" 570
"C:/Users/nerot/git.repo/Arena/Content/FirstPersonCPP/Blueprints/Framework/BP_MenuGameMode.uasset" 571
"C:/Users/nerot/git.repo/Arena/Content/FirstPersonCPP/Blueprints/Framework/BP_MenuGameMode.uexp" 572
"C:/Users/nerot/git.repo/Arena/Content/FirstPersonCPP/Maps/MainMenu.uexp" 573
"C:/Users/nerot/git.repo/Arena/Content/FirstPersonCPP/Maps/MainMenu.umap" 574
"C:/Users/nerot/git.repo/Arena/Content/Geometry/Meshes/CubeMaterial.uasset" 575
"C:/Users/nerot/git.repo/Arena/Content/Geometry/Meshes/CubeMaterial.uexp" 576
"C:/Users/nerot/git.repo/Arena/Content/Geometry/Meshes/1M_Cube.uasset" 577
"C:/Users/nerot/git.repo/Arena/Content/Geometry/Meshes/1M_Cube.uexp" 578
"../../../Engine/Content/BasicShapes/Sphere.uasset" 579
"../../../Engine/Content/BasicShapes/Sphere.uexp" 580
"../../../Engine/Content/Functions/Engine_MaterialFunctions03/Procedurals/ComputeFilterWidth.uasset" 581
"../../../Engine/Content/Functions/Engine_MaterialFunctions03/Procedurals/ComputeFilterWidth.uexp" 582
"../../../Engine/Content/EngineMaterials/AntiAliasedTextMaterialTranslucent.uasset" 583
"../../../Engine/Content/EngineMaterials/AntiAliasedTextMaterialTranslucent.uexp" 584
"../../../Engine/Content/EngineDebugMaterials/VertexColorViewMode_RedOnly.uasset" 585
"../../../Engine/Content/EngineDebugMaterials/VertexColorViewMode_RedOnly.uexp" 586
"../../../Engine/Content/EngineDebugMaterials/VertexColorViewMode_GreenOnly.uasset" 587
"../../../Engine/Content/EngineDebugMaterials/VertexColorViewMode_GreenOnly.uexp" 588
"C:/Users/nerot/git.repo/Arena/Content/FirstPersonCPP/Maps/FirstPersonExampleMap_BuiltData.uasset" 589
"C:/Users/nerot/git.repo/Arena/Content/FirstPersonCPP/Maps/FirstPersonExampleMap_BuiltData.uexp" 590
"C:/Users/nerot/git.repo/Arena/Content/FirstPersonCPP/Maps/FirstPersonExampleMap_BuiltData.ubulk" 591
"C:/Users/nerot/git.repo/Arena/Content/FirstPerson/Character/Mesh/SK_Mannequin_Arms_Skeleton.uasset" 592
"C:/Users/nerot/git.repo/Arena/Content/FirstPerson/Character/Mesh/SK_Mannequin_Arms_Skeleton.uexp" 593
"C:/Users/nerot/git.repo/Arena/Content/FirstPerson/Character/Mesh/SK_Mannequin_Arms_PhysicsAsset.uasset" 594
"C:/Users/nerot/git.repo/Arena/Content/FirstPerson/Character/Mesh/SK_Mannequin_Arms_PhysicsAsset.uexp" 595
"C:/Users/nerot/git.repo/Arena/Content/FirstPerson/Character/Textures/UE4_Mannequin_MAT_MASKA.uasset" 596
"C:/Users/nerot/git.repo/Arena/Content/FirstPerson/Character/Textures/UE4_Mannequin_MAT_MASKA.uexp" 597
"C:/Users/nerot/git.repo/Arena/Content/FirstPerson/Character/Textures/UE4_Mannequin_MAT_MASKA.ubulk" 598
"C:/Users/nerot/git.repo/Arena/Content/FirstPerson/Character/Textures/UE4_Mannequin__normals.uasset" 599
"C:/Users/nerot/git.repo/Arena/Content/FirstPerson/Character/Textures/UE4_Mannequin__normals.uexp" 600
"C:/Users/nerot/git.repo/Arena/Content/FirstPerson/Character/Textures/UE4_Mannequin__normals.ubulk" 601
"C:/Users/nerot/git.repo/Arena/Content/FirstPerson/Character/Materials/MaterialLayers/T_ML_Aluminum01_N.uasset" 602
"C:/Users/nerot/git.repo/Arena/Content/FirstPerson/Character/Materials/MaterialLayers/T_ML_Aluminum01_N.uexp" 603
"C:/Users/nerot/git.repo/Arena/Content/FirstPerson/Character/Materials/MaterialLayers/T_ML_Aluminum01_N.ubulk" 604
"C:/Users/nerot/git.repo/Arena/Content/FirstPerson/Character/Materials/MaterialLayers/T_ML_Aluminum01.uasset" 605
"C:/Users/nerot/git.repo/Arena/Content/FirstPerson/Character/Materials/MaterialLayers/T_ML_Aluminum01.uexp" 606
"C:/Users/nerot/git.repo/Arena/Content/FirstPerson/Character/Materials/MaterialLayers/T_ML_Aluminum01.ubulk" 607
"C:/Users/nerot/git.repo/Arena/Content/FirstPerson/Character/Materials/MaterialLayers/ML_SoftMetal_UE4.uasset" 608
"C:/Users/nerot/git.repo/Arena/Content/FirstPerson/Character/Materials/MaterialLayers/ML_SoftMetal_UE4.uexp" 609
"C:/Users/nerot/git.repo/Arena/Content/FirstPerson/Character/Textures/UE4_LOGO_CARD.uasset" 610
"C:/Users/nerot/git.repo/Arena/Content/FirstPerson/Character/Textures/UE4_LOGO_CARD.uexp" 611
"C:/Users/nerot/git.repo/Arena/Content/FirstPerson/Character/Textures/UE4_LOGO_CARD.ubulk" 612
"C:/Users/nerot/git.repo/Arena/Content/FirstPerson/Character/Materials/MaterialLayers/ML_Plastic_Shiny_Beige_LOGO.uasset" 613
"C:/Users/nerot/git.repo/Arena/Content/FirstPerson/Character/Materials/MaterialLayers/ML_Plastic_Shiny_Beige_LOGO.uexp" 614
"C:/Users/nerot/git.repo/Arena/Content/FirstPerson/Character/Materials/MaterialLayers/ML_Plastic_Shiny_Beige.uasset" 615
"C:/Users/nerot/git.repo/Arena/Content/FirstPerson/Character/Materials/MaterialLayers/ML_Plastic_Shiny_Beige.uexp" 616
"C:/Users/nerot/git.repo/Arena/Content/FirstPerson/Character/Materials/MaterialLayers/T_ML_Rubber_Blue_01_N.uasset" 617
"C:/Users/nerot/git.repo/Arena/Content/FirstPerson/Character/Materials/MaterialLayers/T_ML_Rubber_Blue_01_N.uexp" 618
"C:/Users/nerot/git.repo/Arena/Content/FirstPerson/Character/Materials/MaterialLayers/T_ML_Rubber_Blue_01_N.ubulk" 619
"C:/Users/nerot/git.repo/Arena/Content/FirstPerson/Character/Materials/MaterialLayers/T_ML_Rubber_Blue_01_D.uasset" 620
"C:/Users/nerot/git.repo/Arena/Content/FirstPerson/Character/Materials/MaterialLayers/T_ML_Rubber_Blue_01_D.uexp" 621
"C:/Users/nerot/git.repo/Arena/Content/FirstPerson/Character/Materials/MaterialLayers/T_ML_Rubber_Blue_01_D.ubulk" 622
"C:/Users/nerot/git.repo/Arena/Content/FirstPerson/Character/Materials/MaterialLayers/ML_GlossyBlack_Latex_UE4.uasset" 623
"C:/Users/nerot/git.repo/Arena/Content/FirstPerson/Character/Materials/MaterialLayers/ML_GlossyBlack_Latex_UE4.uexp" 624
"../../../Engine/Content/Functions/MaterialLayerFunctions/MatLayerBlend_Simple.uasset" 625
"../../../Engine/Content/Functions/MaterialLayerFunctions/MatLayerBlend_Simple.uexp" 626
"../../../Engine/Content/Functions/Engine_MaterialFunctions02/Utility/BlendAngleCorrectedNormals.uasset" 627
"../../../Engine/Content/Functions/Engine_MaterialFunctions02/Utility/BlendAngleCorrectedNormals.uexp" 628
"../../../Engine/Content/Functions/MaterialLayerFunctions/MatLayerBlend_NormalBlend.uasset" 629
"../../../Engine/Content/Functions/MaterialLayerFunctions/MatLayerBlend_NormalBlend.uexp" 630
"C:/Users/nerot/git.repo/Arena/Content/FirstPerson/Character/Materials/M_UE4Man_Body.uasset" 631
"C:/Users/nerot/git.repo/Arena/Content/FirstPerson/Character/Materials/M_UE4Man_Body.uexp" 632
"C:/Users/nerot/git.repo/Arena/Content/FirstPerson/Character/Mesh/SK_Mannequin_Arms.uasset" 633
"C:/Users/nerot/git.repo/Arena/Content/FirstPerson/Character/Mesh/SK_Mannequin_Arms.uexp" 634
"C:/Users/nerot/git.repo/Arena/Content/FirstPerson/Animations/FirstPerson_Idle.uasset" 635
"C:/Users/nerot/git.repo/Arena/Content/FirstPerson/Animations/FirstPerson_Idle.uexp" 636
"../../../Engine/Content/Animation/DefaultAnimCurveCompressionSettings.uasset" 637
"../../../Engine/Content/Animation/DefaultAnimCurveCompressionSettings.uexp" 638
"../../../Engine/Content/Animation/DefaultAnimBoneCompressionSettings.uasset" 639
"../../../Engine/Content/Animation/DefaultAnimBoneCompressionSettings.uexp" 640
"C:/Users/nerot/git.repo/Arena/Content/FP_Reload_Rifle_Hip.uasset" 641
"C:/Users/nerot/git.repo/Arena/Content/FP_Reload_Rifle_Hip.uexp" 642
"C:/Users/nerot/git.repo/Arena/Content/FP_Reload_Rifle_Hip_Montage.uasset" 643
"C:/Users/nerot/git.repo/Arena/Content/FP_Reload_Rifle_Hip_Montage.uexp" 644
"C:/Users/nerot/git.repo/Arena/Content/AnimStarterPack/UE4_Mannequin/Mesh/UE4_Mannequin_Skeleton.uasset" 645
"C:/Users/nerot/git.repo/Arena/Content/AnimStarterPack/UE4_Mannequin/Mesh/UE4_Mannequin_Skeleton.uexp" 646
"C:/Users/nerot/git.repo/Arena/Content/AnimStarterPack/Fire_Rifle_Hip.uasset" 647
"C:/Users/nerot/git.repo/Arena/Content/AnimStarterPack/Fire_Rifle_Hip.uexp" 648
"C:/Users/nerot/git.repo/Arena/Content/AnimStarterPack/Fire_Rifle_Hip_Montage.uasset" 649
"C:/Users/nerot/git.repo/Arena/Content/AnimStarterPack/Fire_Rifle_Hip_Montage.uexp" 650
"C:/Users/nerot/git.repo/Arena/Content/AnimStarterPack/Reload_Rifle_Hip.uasset" 651
"C:/Users/nerot/git.repo/Arena/Content/AnimStarterPack/Reload_Rifle_Hip.uexp" 652
"C:/Users/nerot/git.repo/Arena/Content/AnimStarterPack/Reload_Rifle_Hip_Montage.uasset" 653
"C:/Users/nerot/git.repo/Arena/Content/AnimStarterPack/Reload_Rifle_Hip_Montage.uexp" 654
"C:/Users/nerot/git.repo/Arena/Content/MilitaryWeapDark/Sound/SniperRifle/Wavs/SniperRifle_Reload02.uasset" 655
"C:/Users/nerot/git.repo/Arena/Content/MilitaryWeapDark/Sound/SniperRifle/Wavs/SniperRifle_Reload02.uexp" 656
"C:/Users/nerot/git.repo/Arena/Content/MilitaryWeapDark/FX/Textures/T_Pistol_MuzzleFlashes_4x1_B.uasset" 657
"C:/Users/nerot/git.repo/Arena/Content/MilitaryWeapDark/FX/Textures/T_Pistol_MuzzleFlashes_4x1_B.uexp" 658
"C:/Users/nerot/git.repo/Arena/Content/MilitaryWeapDark/FX/Textures/T_Pistol_MuzzleFlashes_4x1_B.ubulk" 659
"C:/Users/nerot/git.repo/Arena/Content/MilitaryWeapDark/FX/Materials/M_Pistol_MuzzleFlash_4x1_A.uasset" 660
"C:/Users/nerot/git.repo/Arena/Content/MilitaryWeapDark/FX/Materials/M_Pistol_MuzzleFlash_4x1_A.uexp" 661
"../../../Engine/Content/Functions/Engine_MaterialFunctions02/Fresnel_Function.uasset" 662
"../../../Engine/Content/Functions/Engine_MaterialFunctions02/Fresnel_Function.uexp" 663
"C:/Users/nerot/git.repo/Arena/Content/MilitaryWeapDark/FX/Materials/M_GlowSphere_01.uasset" 664
"C:/Users/nerot/git.repo/Arena/Content/MilitaryWeapDark/FX/Materials/M_GlowSphere_01.uexp" 665
"C:/Users/nerot/git.repo/Arena/Content/MilitaryWeapDark/FX/Meshes/St_Sphere_01.uasset" 666
"C:/Users/nerot/git.repo/Arena/Content/MilitaryWeapDark/FX/Meshes/St_Sphere_01.uexp" 667
"C:/Users/nerot/git.repo/Arena/Content/MilitaryWeapDark/FX/Textures/T_Smoke_8x8_B_01.uasset" 668
"C:/Users/nerot/git.repo/Arena/Content/MilitaryWeapDark/FX/Textures/T_Smoke_8x8_B_01.uexp" 669
"C:/Users/nerot/git.repo/Arena/Content/MilitaryWeapDark/FX/Textures/T_Smoke_8x8_B_01.ubulk" 670
"C:/Users/nerot/git.repo/Arena/Content/MilitaryWeapDark/FX/Textures/T_Spherical_NormalMap_01.uasset" 671
"C:/Users/nerot/git.repo/Arena/Content/MilitaryWeapDark/FX/Textures/T_Spherical_NormalMap_01.uexp" 672
"C:/Users/nerot/git.repo/Arena/Content/MilitaryWeapDark/FX/Textures/T_Spherical_NormalMap_01.ubulk" 673
"C:/Users/nerot/git.repo/Arena/Content/MilitaryWeapDark/FX/Materials/M_Smoke_8x8_B_01.uasset" 674
"C:/Users/nerot/git.repo/Arena/Content/MilitaryWeapDark/FX/Materials/M_Smoke_8x8_B_01.uexp" 675
"C:/Users/nerot/git.repo/Arena/Content/MilitaryWeapDark/FX/Textures/T_FL_Detail_01.uasset" 676
"C:/Users/nerot/git.repo/Arena/Content/MilitaryWeapDark/FX/Textures/T_FL_Detail_01.uexp" 677
"C:/Users/nerot/git.repo/Arena/Content/MilitaryWeapDark/FX/Textures/T_FL_Detail_01.ubulk" 678
"C:/Users/nerot/git.repo/Arena/Content/MilitaryWeapDark/FX/Textures/T_Pistol_Smoke_2x2_A.uasset" 679
"C:/Users/nerot/git.repo/Arena/Content/MilitaryWeapDark/FX/Textures/T_Pistol_Smoke_2x2_A.uexp" 680
"C:/Users/nerot/git.repo/Arena/Content/MilitaryWeapDark/FX/Textures/T_Pistol_Smoke_2x2_A.ubulk" 681
"C:/Users/nerot/git.repo/Arena/Content/MilitaryWeapDark/FX/Materials/M_Pistol_Smoke_2x2_A.uasset" 682
"C:/Users/nerot/git.repo/Arena/Content/MilitaryWeapDark/FX/Materials/M_Pistol_Smoke_2x2_A.uexp" 683
"C:/Users/nerot/git.repo/Arena/Content/MilitaryWeapDark/FX/P_SniperRifle_MuzzleFlash_01.uasset" 684
"C:/Users/nerot/git.repo/Arena/Content/MilitaryWeapDark/FX/P_SniperRifle_MuzzleFlash_01.uexp" 685
"C:/Users/nerot/git.repo/Arena/Content/MilitaryWeapDark/Weapons/Textures/Assault_Rifle_B_Norm.uasset" 686
"C:/Users/nerot/git.repo/Arena/Content/MilitaryWeapDark/Weapons/Textures/Assault_Rifle_B_Norm.uexp" 687
"C:/Users/nerot/git.repo/Arena/Content/MilitaryWeapDark/Weapons/Textures/Assault_Rifle_B_Norm.ubulk" 688
"C:/Users/nerot/git.repo/Arena/Content/MilitaryWeapDark/Weapons/Textures/Assault_Rifle_B_Masks.uasset" 689
"C:/Users/nerot/git.repo/Arena/Content/MilitaryWeapDark/Weapons/Textures/Assault_Rifle_B_Masks.uexp" 690
"C:/Users/nerot/git.repo/Arena/Content/MilitaryWeapDark/Weapons/Textures/Assault_Rifle_B_Masks.ubulk" 691
"C:/Users/nerot/git.repo/Arena/Content/MilitaryWeapDark/Weapons/Textures/Assault_Rifle_B_Diff.uasset" 692
"C:/Users/nerot/git.repo/Arena/Content/MilitaryWeapDark/Weapons/Textures/Assault_Rifle_B_Diff.uexp" 693
"C:/Users/nerot/git.repo/Arena/Content/MilitaryWeapDark/Weapons/Textures/Assault_Rifle_B_Diff.ubulk" 694
"C:/Users/nerot/git.repo/Arena/Content/MilitaryWeapDark/Weapons/Materials/M_WeaponMaster_01.uasset" 695
"C:/Users/nerot/git.repo/Arena/Content/MilitaryWeapDark/Weapons/Materials/M_WeaponMaster_01.uexp" 696
"C:/Users/nerot/git.repo/Arena/Content/MilitaryWeapDark/Weapons/Materials/M_AssaultRifle_01.uasset" 697
"C:/Users/nerot/git.repo/Arena/Content/MilitaryWeapDark/Weapons/Materials/M_AssaultRifle_01.uexp" 698
"C:/Users/nerot/git.repo/Arena/Content/MilitaryWeapDark/Weapons/AssaultRifleB_Ammo.uasset" 699
"C:/Users/nerot/git.repo/Arena/Content/MilitaryWeapDark/Weapons/AssaultRifleB_Ammo.uexp" 700
"C:/Users/nerot/git.repo/Arena/Content/FirstPersonCPP/Blueprints/BP_DropObject.uasset" 701
"C:/Users/nerot/git.repo/Arena/Content/FirstPersonCPP/Blueprints/BP_DropObject.uexp" 702
"C:/Users/nerot/git.repo/Arena/Content/MilitaryWeapDark/Pickups/Textures/Pickup_Norm.uasset" 703
"C:/Users/nerot/git.repo/Arena/Content/MilitaryWeapDark/Pickups/Textures/Pickup_Norm.uexp" 704
"C:/Users/nerot/git.repo/Arena/Content/MilitaryWeapDark/Pickups/Textures/Pickup_Norm.ubulk" 705
"C:/Users/nerot/git.repo/Arena/Content/MilitaryWeapDark/Pickups/Textures/Pickup_Masks.uasset" 706
"C:/Users/nerot/git.repo/Arena/Content/MilitaryWeapDark/Pickups/Textures/Pickup_Masks.uexp" 707
"C:/Users/nerot/git.repo/Arena/Content/MilitaryWeapDark/Pickups/Textures/Pickup_Masks.ubulk" 708
"C:/Users/nerot/git.repo/Arena/Content/MilitaryWeapDark/Pickups/Textures/Pickup_Diff.uasset" 709
"C:/Users/nerot/git.repo/Arena/Content/MilitaryWeapDark/Pickups/Textures/Pickup_Diff.uexp" 710
"C:/Users/nerot/git.repo/Arena/Content/MilitaryWeapDark/Pickups/Textures/Pickup_Diff.ubulk" 711
"C:/Users/nerot/git.repo/Arena/Content/MilitaryWeapDark/Pickups/Materials/M_Pickups_Inst.uasset" 712
"C:/Users/nerot/git.repo/Arena/Content/MilitaryWeapDark/Pickups/Materials/M_Pickups_Inst.uexp" 713
"C:/Users/nerot/git.repo/Arena/Content/MilitaryWeapDark/Pickups/AssaultRifle_Magazine.uasset" 714
"C:/Users/nerot/git.repo/Arena/Content/MilitaryWeapDark/Pickups/AssaultRifle_Magazine.uexp" 715
"C:/Users/nerot/git.repo/Arena/Content/FirstPersonCPP/Blueprints/BP_DropMagazine.uasset" 716
"C:/Users/nerot/git.repo/Arena/Content/FirstPersonCPP/Blueprints/BP_DropMagazine.uexp" 717
"C:/Users/nerot/git.repo/Arena/Content/MilitaryWeapDark/Weapons/Sniper_Rifle_B_Skeleton.uasset" 718
"C:/Users/nerot/git.repo/Arena/Content/MilitaryWeapDark/Weapons/Sniper_Rifle_B_Skeleton.uexp" 719
"C:/Users/nerot/git.repo/Arena/Content/MilitaryWeapDark/Weapons/Sniper_Rifle_B_PhysicsAsset.uasset" 720
"C:/Users/nerot/git.repo/Arena/Content/MilitaryWeapDark/Weapons/Sniper_Rifle_B_PhysicsAsset.uexp" 721
"C:/Users/nerot/git.repo/Arena/Content/MilitaryWeapDark/Weapons/Textures/Sniper_Rifle_B_Norm.uasset" 722
"C:/Users/nerot/git.repo/Arena/Content/MilitaryWeapDark/Weapons/Textures/Sniper_Rifle_B_Norm.uexp" 723
"C:/Users/nerot/git.repo/Arena/Content/MilitaryWeapDark/Weapons/Textures/Sniper_Rifle_B_Norm.ubulk" 724
"C:/Users/nerot/git.repo/Arena/Content/MilitaryWeapDark/Weapons/Textures/Sniper_Rifle_B_Masks.uasset" 725
"C:/Users/nerot/git.repo/Arena/Content/MilitaryWeapDark/Weapons/Textures/Sniper_Rifle_B_Masks.uexp" 726
"C:/Users/nerot/git.repo/Arena/Content/MilitaryWeapDark/Weapons/Textures/Sniper_Rifle_B_Masks.ubulk" 727
"C:/Users/nerot/git.repo/Arena/Content/MilitaryWeapDark/Weapons/Textures/Sniper_Rifle_B_Diff.uasset" 728
"C:/Users/nerot/git.repo/Arena/Content/MilitaryWeapDark/Weapons/Textures/Sniper_Rifle_B_Diff.uexp" 729
"C:/Users/nerot/git.repo/Arena/Content/MilitaryWeapDark/Weapons/Textures/Sniper_Rifle_B_Diff.ubulk" 730
"C:/Users/nerot/git.repo/Arena/Content/MilitaryWeapDark/Weapons/Materials/M_SniperRifle_01.uasset" 731
"C:/Users/nerot/git.repo/Arena/Content/MilitaryWeapDark/Weapons/Materials/M_SniperRifle_01.uexp" 732
"C:/Users/nerot/git.repo/Arena/Content/MilitaryWeapDark/Weapons/Sniper_Rifle_B.uasset" 733
"C:/Users/nerot/git.repo/Arena/Content/MilitaryWeapDark/Weapons/Sniper_Rifle_B.uexp" 734
"C:/Users/nerot/git.repo/Arena/Content/MilitaryWeapDark/Sound/SniperRifle/Wavs/SniperRifleB_Fire02.uasset" 735
"C:/Users/nerot/git.repo/Arena/Content/MilitaryWeapDark/Sound/SniperRifle/Wavs/SniperRifleB_Fire02.uexp" 736
"C:/Users/nerot/git.repo/Arena/Content/FirstPersonCPP/Blueprints/BP_TraceWeapon.uasset" 737
"C:/Users/nerot/git.repo/Arena/Content/FirstPersonCPP/Blueprints/BP_TraceWeapon.uexp" 738
"C:/Users/nerot/git.repo/Arena/Content/FirstPerson/Animations/FirstPerson_Run.uasset" 739
"C:/Users/nerot/git.repo/Arena/Content/FirstPerson/Animations/FirstPerson_Run.uexp" 740
"C:/Users/nerot/git.repo/Arena/Content/FirstPerson/Animations/FirstPerson_JumpStart.uasset" 741
"C:/Users/nerot/git.repo/Arena/Content/FirstPerson/Animations/FirstPerson_JumpStart.uexp" 742
"C:/Users/nerot/git.repo/Arena/Content/FirstPerson/Animations/FirstPerson_JumpLoop.uasset" 743
"C:/Users/nerot/git.repo/Arena/Content/FirstPerson/Animations/FirstPerson_JumpLoop.uexp" 744
"C:/Users/nerot/git.repo/Arena/Content/FirstPerson/Animations/FirstPerson_JumpEnd.uasset" 745
"C:/Users/nerot/git.repo/Arena/Content/FirstPerson/Animations/FirstPerson_JumpEnd.uexp" 746
"C:/Users/nerot/git.repo/Arena/Content/FirstPerson/Animations/FirstPerson_AnimBP.uasset" 747
"C:/Users/nerot/git.repo/Arena/Content/FirstPerson/Animations/FirstPerson_AnimBP.uexp" 748
"C:/Users/nerot/git.repo/Arena/Content/FirstPerson/Animations/FirstPerson_Fire.uasset" 749
"C:/Users/nerot/git.repo/Arena/Content/FirstPerson/Animations/FirstPerson_Fire.uexp" 750
"C:/Users/nerot/git.repo/Arena/Content/FirstPerson/Animations/FirstPersonFire_Montage.uasset" 751
"C:/Users/nerot/git.repo/Arena/Content/FirstPerson/Animations/FirstPersonFire_Montage.uexp" 752
"C:/Users/nerot/git.repo/Arena/Content/AnimStarterPack/Crouch_Idle_Rifle_Hip.uasset" 753
"C:/Users/nerot/git.repo/Arena/Content/AnimStarterPack/Crouch_Idle_Rifle_Hip.uexp" 754
"C:/Users/nerot/git.repo/Arena/Content/AnimStarterPack/Jog_Rt_Rifle.uasset" 755
"C:/Users/nerot/git.repo/Arena/Content/AnimStarterPack/Jog_Rt_Rifle.uexp" 756
"C:/Users/nerot/git.repo/Arena/Content/AnimStarterPack/Jog_Lt_Rifle.uasset" 757
"C:/Users/nerot/git.repo/Arena/Content/AnimStarterPack/Jog_Lt_Rifle.uexp" 758
"C:/Users/nerot/git.repo/Arena/Content/AnimStarterPack/Jog_Fwd_Rifle.uasset" 759
"C:/Users/nerot/git.repo/Arena/Content/AnimStarterPack/Jog_Fwd_Rifle.uexp" 760
"C:/Users/nerot/git.repo/Arena/Content/AnimStarterPack/Jog_Bwd_Rifle.uasset" 761
"C:/Users/nerot/git.repo/Arena/Content/AnimStarterPack/Jog_Bwd_Rifle.uexp" 762
"C:/Users/nerot/git.repo/Arena/Content/AnimStarterPack/BS_Jog.uasset" 763
"C:/Users/nerot/git.repo/Arena/Content/AnimStarterPack/BS_Jog.uexp" 764
"C:/Users/nerot/git.repo/Arena/Content/AnimStarterPack/Crouch_Walk_Rt_Rifle_Hip.uasset" 765
"C:/Users/nerot/git.repo/Arena/Content/AnimStarterPack/Crouch_Walk_Rt_Rifle_Hip.uexp" 766
"C:/Users/nerot/git.repo/Arena/Content/AnimStarterPack/Crouch_Walk_Lt_Rifle_Hip.uasset" 767
"C:/Users/nerot/git.repo/Arena/Content/AnimStarterPack/Crouch_Walk_Lt_Rifle_Hip.uexp" 768
"C:/Users/nerot/git.repo/Arena/Content/AnimStarterPack/Crouch_Walk_Fwd_Rifle_Hip.uasset" 769
"C:/Users/nerot/git.repo/Arena/Content/AnimStarterPack/Crouch_Walk_Fwd_Rifle_Hip.uexp" 770
"C:/Users/nerot/git.repo/Arena/Content/AnimStarterPack/Crouch_Walk_Bwd_Rifle_Hip.uasset" 771
"C:/Users/nerot/git.repo/Arena/Content/AnimStarterPack/Crouch_Walk_Bwd_Rifle_Hip.uexp" 772
"C:/Users/nerot/git.repo/Arena/Content/AnimStarterPack/BS_CrouchWalk.uasset" 773
"C:/Users/nerot/git.repo/Arena/Content/AnimStarterPack/BS_CrouchWalk.uexp" 774
"C:/Users/nerot/git.repo/Arena/Content/AnimStarterPack/Idle_Rifle_Hip.uasset" 775
"C:/Users/nerot/git.repo/Arena/Content/AnimStarterPack/Idle_Rifle_Hip.uexp" 776
"C:/Users/nerot/git.repo/Arena/Content/AnimStarterPack/Jump_From_Jog.uasset" 777
"C:/Users/nerot/git.repo/Arena/Content/AnimStarterPack/Jump_From_Jog.uexp" 778
"C:/Users/nerot/git.repo/Arena/Content/AnimStarterPack/Jump_From_Stand.uasset" 779
"C:/Users/nerot/git.repo/Arena/Content/AnimStarterPack/Jump_From_Stand.uexp" 780
"C:/Users/nerot/git.repo/Arena/Content/AnimStarterPack/UE4_Mannequin/Mesh/SK_Mannequin_PhysicsAsset.uasset" 781
"C:/Users/nerot/git.repo/Arena/Content/AnimStarterPack/UE4_Mannequin/Mesh/SK_Mannequin_PhysicsAsset.uexp" 782
"C:/Users/nerot/git.repo/Arena/Content/AnimStarterPack/UE4_Mannequin/Textures/UE4Man_Logo_N.uasset" 783
"C:/Users/nerot/git.repo/Arena/Content/AnimStarterPack/UE4_Mannequin/Textures/UE4Man_Logo_N.uexp" 784
"C:/Users/nerot/git.repo/Arena/Content/AnimStarterPack/UE4_Mannequin/Textures/UE4Man_Logo_N.ubulk" 785
"C:/Users/nerot/git.repo/Arena/Content/AnimStarterPack/UE4_Mannequin/Textures/UE4_Mannequin_occlusion_Mobile.uasset" 786
"C:/Users/nerot/git.repo/Arena/Content/AnimStarterPack/UE4_Mannequin/Textures/UE4_Mannequin_occlusion_Mobile.uexp" 787
"C:/Users/nerot/git.repo/Arena/Content/AnimStarterPack/UE4_Mannequin/Textures/UE4_Mannequin_occlusion_Mobile.ubulk" 788
"C:/Users/nerot/git.repo/Arena/Content/AnimStarterPack/UE4_Mannequin/Textures/UE4_Mannequin_MAT_MASKA.uasset" 789
"C:/Users/nerot/git.repo/Arena/Content/AnimStarterPack/UE4_Mannequin/Textures/UE4_Mannequin_MAT_MASKA.uexp" 790
"C:/Users/nerot/git.repo/Arena/Content/AnimStarterPack/UE4_Mannequin/Textures/UE4_Mannequin_MAT_MASKA.ubulk" 791
"C:/Users/nerot/git.repo/Arena/Content/AnimStarterPack/UE4_Mannequin/Textures/UE4_Mannequin__normals.uasset" 792
"C:/Users/nerot/git.repo/Arena/Content/AnimStarterPack/UE4_Mannequin/Textures/UE4_Mannequin__normals.uexp" 793
"C:/Users/nerot/git.repo/Arena/Content/AnimStarterPack/UE4_Mannequin/Textures/UE4_Mannequin__normals.ubulk" 794
"C:/Users/nerot/git.repo/Arena/Content/AnimStarterPack/UE4_Mannequin/Materials/MaterialLayers/T_ML_Aluminum01_N.uasset" 795
"C:/Users/nerot/git.repo/Arena/Content/AnimStarterPack/UE4_Mannequin/Materials/MaterialLayers/T_ML_Aluminum01_N.uexp" 796
"C:/Users/nerot/git.repo/Arena/Content/AnimStarterPack/UE4_Mannequin/Materials/MaterialLayers/T_ML_Aluminum01_N.ubulk" 797
"C:/Users/nerot/git.repo/Arena/Content/AnimStarterPack/UE4_Mannequin/Materials/MaterialLayers/T_ML_Aluminum01.uasset" 798
"C:/Users/nerot/git.repo/Arena/Content/AnimStarterPack/UE4_Mannequin/Materials/MaterialLayers/T_ML_Aluminum01.uexp" 799
"C:/Users/nerot/git.repo/Arena/Content/AnimStarterPack/UE4_Mannequin/Materials/MaterialLayers/T_ML_Aluminum01.ubulk" 800
"C:/Users/nerot/git.repo/Arena/Content/AnimStarterPack/UE4_Mannequin/Materials/MaterialLayers/ML_SoftMetal_UE4.uasset" 801
"C:/Users/nerot/git.repo/Arena/Content/AnimStarterPack/UE4_Mannequin/Materials/MaterialLayers/ML_SoftMetal_UE4.uexp" 802
"C:/Users/nerot/git.repo/Arena/Content/AnimStarterPack/UE4_Mannequin/Textures/UE4_LOGO_CARD.uasset" 803
"C:/Users/nerot/git.repo/Arena/Content/AnimStarterPack/UE4_Mannequin/Textures/UE4_LOGO_CARD.uexp" 804
"C:/Users/nerot/git.repo/Arena/Content/AnimStarterPack/UE4_Mannequin/Textures/UE4_LOGO_CARD.ubulk" 805
"C:/Users/nerot/git.repo/Arena/Content/AnimStarterPack/UE4_Mannequin/Materials/MaterialLayers/ML_Plastic_Shiny_Beige_LOGO.uasset" 806
"C:/Users/nerot/git.repo/Arena/Content/AnimStarterPack/UE4_Mannequin/Materials/MaterialLayers/ML_Plastic_Shiny_Beige_LOGO.uexp" 807
"C:/Users/nerot/git.repo/Arena/Content/AnimStarterPack/UE4_Mannequin/Materials/MaterialLayers/ML_Plastic_Shiny_Beige.uasset" 808
"C:/Users/nerot/git.repo/Arena/Content/AnimStarterPack/UE4_Mannequin/Materials/MaterialLayers/ML_Plastic_Shiny_Beige.uexp" 809
"C:/Users/nerot/git.repo/Arena/Content/AnimStarterPack/UE4_Mannequin/Materials/MaterialLayers/T_ML_Rubber_Blue_01_N.uasset" 810
"C:/Users/nerot/git.repo/Arena/Content/AnimStarterPack/UE4_Mannequin/Materials/MaterialLayers/T_ML_Rubber_Blue_01_N.uexp" 811
"C:/Users/nerot/git.repo/Arena/Content/AnimStarterPack/UE4_Mannequin/Materials/MaterialLayers/T_ML_Rubber_Blue_01_N.ubulk" 812
"C:/Users/nerot/git.repo/Arena/Content/AnimStarterPack/UE4_Mannequin/Materials/MaterialLayers/T_ML_Rubber_Blue_01_D.uasset" 813
"C:/Users/nerot/git.repo/Arena/Content/AnimStarterPack/UE4_Mannequin/Materials/MaterialLayers/T_ML_Rubber_Blue_01_D.uexp" 814
"C:/Users/nerot/git.repo/Arena/Content/AnimStarterPack/UE4_Mannequin/Materials/MaterialLayers/T_ML_Rubber_Blue_01_D.ubulk" 815
"C:/Users/nerot/git.repo/Arena/Content/AnimStarterPack/UE4_Mannequin/Materials/MaterialLayers/ML_GlossyBlack_Latex_UE4.uasset" 816
"C:/Users/nerot/git.repo/Arena/Content/AnimStarterPack/UE4_Mannequin/Materials/MaterialLayers/ML_GlossyBlack_Latex_UE4.uexp" 817
"../../../Engine/Content/Functions/MaterialLayerFunctions/MatLayerBlend_AO.uasset" 818
"../../../Engine/Content/Functions/MaterialLayerFunctions/MatLayerBlend_AO.uexp" 819
"C:/Users/nerot/git.repo/Arena/Content/AnimStarterPack/UE4_Mannequin/Materials/M_UE4Man_Body.uasset" 820
"C:/Users/nerot/git.repo/Arena/Content/AnimStarterPack/UE4_Mannequin/Materials/M_UE4Man_Body.uexp" 821
"C:/Users/nerot/git.repo/Arena/Content/AnimStarterPack/UE4_Mannequin/Materials/M_UE4Man_ChestLogo.uasset" 822
"C:/Users/nerot/git.repo/Arena/Content/AnimStarterPack/UE4_Mannequin/Materials/M_UE4Man_ChestLogo.uexp" 823
"C:/Users/nerot/git.repo/Arena/Content/AnimStarterPack/UE4_Mannequin/Mesh/SK_Mannequin.uasset" 824
"C:/Users/nerot/git.repo/Arena/Content/AnimStarterPack/UE4_Mannequin/Mesh/SK_Mannequin.uexp" 825
"C:/Users/nerot/git.repo/Arena/Content/AnimStarterPack/Ue4ASP_Character.uasset" 826
"C:/Users/nerot/git.repo/Arena/Content/AnimStarterPack/Ue4ASP_Character.uexp" 827
"C:/Users/nerot/git.repo/Arena/Content/AnimStarterPack/UE4ASP_HeroTPP_AnimBlueprint.uasset" 828
"C:/Users/nerot/git.repo/Arena/Content/AnimStarterPack/UE4ASP_HeroTPP_AnimBlueprint.uexp" 829
"C:/Users/nerot/git.repo/Arena/Content/MilitaryWeapDark/Weapons/Assault_Rifle_B_Skeleton.uasset" 830
"C:/Users/nerot/git.repo/Arena/Content/MilitaryWeapDark/Weapons/Assault_Rifle_B_Skeleton.uexp" 831
"C:/Users/nerot/git.repo/Arena/Content/MilitaryWeapDark/Weapons/Assault_Rifle_B_PhysicsAsset.uasset" 832
"C:/Users/nerot/git.repo/Arena/Content/MilitaryWeapDark/Weapons/Assault_Rifle_B_PhysicsAsset.uexp" 833
"C:/Users/nerot/git.repo/Arena/Content/MilitaryWeapDark/Weapons/Assault_Rifle_B.uasset" 834
"C:/Users/nerot/git.repo/Arena/Content/MilitaryWeapDark/Weapons/Assault_Rifle_B.uexp" 835
"C:/Users/nerot/git.repo/Arena/Content/MilitaryWeapDark/Sound/Rifle/Wavs/RifleB_Fire01.uasset" 836
"C:/Users/nerot/git.repo/Arena/Content/MilitaryWeapDark/Sound/Rifle/Wavs/RifleB_Fire01.uexp" 837
"C:/Users/nerot/git.repo/Arena/Content/MilitaryWeapDark/Sound/Rifle/Wavs/Rifle_Reload03.uasset" 838
"C:/Users/nerot/git.repo/Arena/Content/MilitaryWeapDark/Sound/Rifle/Wavs/Rifle_Reload03.uexp" 839
"C:/Users/nerot/git.repo/Arena/Content/MilitaryWeapDark/FX/Textures/T_AssaultRifle_MuzzleFlashes_01.uasset" 840
"C:/Users/nerot/git.repo/Arena/Content/MilitaryWeapDark/FX/Textures/T_AssaultRifle_MuzzleFlashes_01.uexp" 841
"C:/Users/nerot/git.repo/Arena/Content/MilitaryWeapDark/FX/Textures/T_AssaultRifle_MuzzleFlashes_01.ubulk" 842
"C:/Users/nerot/git.repo/Arena/Content/MilitaryWeapDark/FX/Materials/M_AssaultRifle_MuzzleFlash_4x1.uasset" 843
"C:/Users/nerot/git.repo/Arena/Content/MilitaryWeapDark/FX/Materials/M_AssaultRifle_MuzzleFlash_4x1.uexp" 844
"C:/Users/nerot/git.repo/Arena/Content/MilitaryWeapDark/FX/P_AssaultRifle_MuzzleFlash.uasset" 845
"C:/Users/nerot/git.repo/Arena/Content/MilitaryWeapDark/FX/P_AssaultRifle_MuzzleFlash.uexp" 846
"C:/Users/nerot/git.repo/Arena/Content/MilitaryWeapDark/FX/Materials/M_Tracer_A.uasset" 847
"C:/Users/nerot/git.repo/Arena/Content/MilitaryWeapDark/FX/Materials/M_Tracer_A.uexp" 848
"C:/Users/nerot/git.repo/Arena/Content/MilitaryWeapDark/FX/Meshes/St_Tracer_A.uasset" 849
"C:/Users/nerot/git.repo/Arena/Content/MilitaryWeapDark/FX/Meshes/St_Tracer_A.uexp" 850
"C:/Users/nerot/git.repo/Arena/Content/MilitaryWeapDark/FX/Textures/T_SmokeRibbon_01.uasset" 851
"C:/Users/nerot/git.repo/Arena/Content/MilitaryWeapDark/FX/Textures/T_SmokeRibbon_01.uexp" 852
"C:/Users/nerot/git.repo/Arena/Content/MilitaryWeapDark/FX/Textures/T_SmokeRibbon_01.ubulk" 853
"C:/Users/nerot/git.repo/Arena/Content/MilitaryWeapDark/FX/Materials/M_SmokeRibbon_01.uasset" 854
"C:/Users/nerot/git.repo/Arena/Content/MilitaryWeapDark/FX/Materials/M_SmokeRibbon_01.uexp" 855
"C:/Users/nerot/git.repo/Arena/Content/MilitaryWeapDark/FX/P_AssaultRifle_Tracer_01.uasset" 856
"C:/Users/nerot/git.repo/Arena/Content/MilitaryWeapDark/FX/P_AssaultRifle_Tracer_01.uexp" 857
"../../../Engine/Content/BasicShapes/Cone.uasset" 858
"../../../Engine/Content/BasicShapes/Cone.uexp" 859
"C:/Users/nerot/git.repo/Arena/Content/FirstPersonCPP/Blueprints/FirstPersonProjectile.uasset" 860
"C:/Users/nerot/git.repo/Arena/Content/FirstPersonCPP/Blueprints/FirstPersonProjectile.uexp" 861
"C:/Users/nerot/git.repo/Arena/Content/FirstPersonCPP/Blueprints/BP_Weapon.uasset" 862
"C:/Users/nerot/git.repo/Arena/Content/FirstPersonCPP/Blueprints/BP_Weapon.uexp" 863
"C:/Users/nerot/git.repo/Arena/Content/FirstPersonCPP/Blueprints/FirstPersonCharacter.uasset" 864
"C:/Users/nerot/git.repo/Arena/Content/FirstPersonCPP/Blueprints/FirstPersonCharacter.uexp" 865
"C:/Users/nerot/git.repo/Arena/Content/FPWeapon/famas.uasset" 866
"C:/Users/nerot/git.repo/Arena/Content/FPWeapon/famas.uexp" 867
"C:/Users/nerot/git.repo/Arena/Content/FPWeapon/famas.ubulk" 868
"C:/Users/nerot/git.repo/Arena/Content/FPWeapon/crosshair.uasset" 869
"C:/Users/nerot/git.repo/Arena/Content/FPWeapon/crosshair.uexp" 870
"C:/Users/nerot/git.repo/Arena/Content/FPWeapon/crosshair.ubulk" 871
"C:/Users/nerot/git.repo/Arena/Content/FirstPersonCPP/Blueprints/Widgets/BPW_ScoreLine.uasset" 872
"C:/Users/nerot/git.repo/Arena/Content/FirstPersonCPP/Blueprints/Widgets/BPW_ScoreLine.uexp" 873
"C:/Users/nerot/git.repo/Arena/Content/FirstPersonCPP/Blueprints/Widgets/BPW_ScoreBoard.uasset" 874
"C:/Users/nerot/git.repo/Arena/Content/FirstPersonCPP/Blueprints/Widgets/BPW_ScoreBoard.uexp" 875
"C:/Users/nerot/git.repo/Arena/Content/FirstPersonCPP/Blueprints/Widgets/BPW_EndGame.uasset" 876
"C:/Users/nerot/git.repo/Arena/Content/FirstPersonCPP/Blueprints/Widgets/BPW_EndGame.uexp" 877
"C:/Users/nerot/git.repo/Arena/Content/FirstPersonCPP/Blueprints/Widgets/BPW_Gameplay.uasset" 878
"C:/Users/nerot/git.repo/Arena/Content/FirstPersonCPP/Blueprints/Widgets/BPW_Gameplay.uexp" 879
"C:/Users/nerot/git.repo/Arena/Content/FirstPersonCPP/Blueprints/Framework/BP_GameplayController.uasset" 880
"C:/Users/nerot/git.repo/Arena/Content/FirstPersonCPP/Blueprints/Framework/BP_GameplayController.uexp" 881
"C:/Users/nerot/git.repo/Arena/Content/FirstPersonCPP/Blueprints/Framework/BP_ArenaGameMode.uasset" 882
"C:/Users/nerot/git.repo/Arena/Content/FirstPersonCPP/Blueprints/Framework/BP_ArenaGameMode.uexp" 883
"../../../Engine/Content/EngineMaterials/DefaultCubemap.uasset" 884
"../../../Engine/Content/EngineMaterials/DefaultCubemap.uexp" 885
"../../../Engine/Content/EngineMaterials/CubeMaterial.uasset" 886
"../../../Engine/Content/EngineMaterials/CubeMaterial.uexp" 887
"C:/Users/nerot/git.repo/Arena/Content/FirstPersonCPP/Blueprints/BP_Portal.uasset" 888
"C:/Users/nerot/git.repo/Arena/Content/FirstPersonCPP/Blueprints/BP_Portal.uexp" 889
"C:/Users/nerot/git.repo/Arena/Content/MilitaryWeapDark/Pickups/AssaultRifle_Pickup.uasset" 890
"C:/Users/nerot/git.repo/Arena/Content/MilitaryWeapDark/Pickups/AssaultRifle_Pickup.uexp" 891
"C:/Users/nerot/git.repo/Arena/Content/FirstPersonCPP/Blueprints/BP_PickupObject.uasset" 892
"C:/Users/nerot/git.repo/Arena/Content/FirstPersonCPP/Blueprints/BP_PickupObject.uexp" 893
"C:/Users/nerot/git.repo/Arena/Content/MilitaryWeapDark/Sound/GrenadeLauncher/Wavs/GrenadeLauncher_Explosion01.uasset" 894
"C:/Users/nerot/git.repo/Arena/Content/MilitaryWeapDark/Sound/GrenadeLauncher/Wavs/GrenadeLauncher_Explosion01.uexp" 895
"C:/Users/nerot/git.repo/Arena/Content/MilitaryWeapDark/FX/Materials/M_Smoke_8x8_B_01_Inst.uasset" 896
"C:/Users/nerot/git.repo/Arena/Content/MilitaryWeapDark/FX/Materials/M_Smoke_8x8_B_01_Inst.uexp" 897
"C:/Users/nerot/git.repo/Arena/Content/MilitaryWeapDark/FX/Textures/T_Explosion_Macro_01.uasset" 898
"C:/Users/nerot/git.repo/Arena/Content/MilitaryWeapDark/FX/Textures/T_Explosion_Macro_01.uexp" 899
"C:/Users/nerot/git.repo/Arena/Content/MilitaryWeapDark/FX/Textures/T_Explosion_Macro_01.ubulk" 900
"C:/Users/nerot/git.repo/Arena/Content/MilitaryWeapDark/FX/Textures/T_Explosion_8x8_Temperature_01.uasset" 901
"C:/Users/nerot/git.repo/Arena/Content/MilitaryWeapDark/FX/Textures/T_Explosion_8x8_Temperature_01.uexp" 902
"C:/Users/nerot/git.repo/Arena/Content/MilitaryWeapDark/FX/Textures/T_Explosion_8x8_Temperature_01.ubulk" 903
"C:/Users/nerot/git.repo/Arena/Content/MilitaryWeapDark/FX/Textures/T_Explosion_8x8_Erode_01.uasset" 904
"C:/Users/nerot/git.repo/Arena/Content/MilitaryWeapDark/FX/Textures/T_Explosion_8x8_Erode_01.uexp" 905
"C:/Users/nerot/git.repo/Arena/Content/MilitaryWeapDark/FX/Textures/T_Explosion_8x8_Erode_01.ubulk" 906
"C:/Users/nerot/git.repo/Arena/Content/MilitaryWeapDark/FX/Textures/T_Explosion_8x8_Density_01.uasset" 907
"C:/Users/nerot/git.repo/Arena/Content/MilitaryWeapDark/FX/Textures/T_Explosion_8x8_Density_01.uexp" 908
"C:/Users/nerot/git.repo/Arena/Content/MilitaryWeapDark/FX/Textures/T_Explosion_8x8_Density_01.ubulk" 909
"C:/Users/nerot/git.repo/Arena/Content/MilitaryWeapDark/FX/Materials/M_Explosion_8x8_A_01.uasset" 910
"C:/Users/nerot/git.repo/Arena/Content/MilitaryWeapDark/FX/Materials/M_Explosion_8x8_A_01.uexp" 911
"C:/Users/nerot/git.repo/Arena/Content/MilitaryWeapDark/FX/Materials/M_RocketExplosion_8x8_A_01_Inst.uasset" 912
"C:/Users/nerot/git.repo/Arena/Content/MilitaryWeapDark/FX/Materials/M_RocketExplosion_8x8_A_01_Inst.uexp" 913
"C:/Users/nerot/git.repo/Arena/Content/MilitaryWeapDark/FX/Textures/T_Shockwave_NormalMap_01.uasset" 914
"C:/Users/nerot/git.repo/Arena/Content/MilitaryWeapDark/FX/Textures/T_Shockwave_NormalMap_01.uexp" 915
"C:/Users/nerot/git.repo/Arena/Content/MilitaryWeapDark/FX/Textures/T_Shockwave_NormalMap_01.ubulk" 916
"C:/Users/nerot/git.repo/Arena/Content/MilitaryWeapDark/FX/Materials/M_Shockwave_Refraction_01.uasset" 917
"C:/Users/nerot/git.repo/Arena/Content/MilitaryWeapDark/FX/Materials/M_Shockwave_Refraction_01.uexp" 918
"C:/Users/nerot/git.repo/Arena/Content/MilitaryWeapDark/FX/Textures/T_RockSmall_01.uasset" 919
"C:/Users/nerot/git.repo/Arena/Content/MilitaryWeapDark/FX/Textures/T_RockSmall_01.uexp" 920
"C:/Users/nerot/git.repo/Arena/Content/MilitaryWeapDark/FX/Textures/T_RockSmall_01.ubulk" 921
"C:/Users/nerot/git.repo/Arena/Content/MilitaryWeapDark/FX/Materials/M_RockSmall_01.uasset" 922
"C:/Users/nerot/git.repo/Arena/Content/MilitaryWeapDark/FX/Materials/M_RockSmall_01.uexp" 923
"C:/Users/nerot/git.repo/Arena/Content/MilitaryWeapDark/FX/Textures/T_LightRay_01.uasset" 924
"C:/Users/nerot/git.repo/Arena/Content/MilitaryWeapDark/FX/Textures/T_LightRay_01.uexp" 925
"C:/Users/nerot/git.repo/Arena/Content/MilitaryWeapDark/FX/Textures/T_LightRay_01.ubulk" 926
"C:/Users/nerot/git.repo/Arena/Content/MilitaryWeapDark/FX/Materials/M_LightRay_01.uasset" 927
"C:/Users/nerot/git.repo/Arena/Content/MilitaryWeapDark/FX/Materials/M_LightRay_01.uexp" 928
"C:/Users/nerot/git.repo/Arena/Content/MilitaryWeapDark/FX/Textures/T_Ember_01.uasset" 929
"C:/Users/nerot/git.repo/Arena/Content/MilitaryWeapDark/FX/Textures/T_Ember_01.uexp" 930
"C:/Users/nerot/git.repo/Arena/Content/MilitaryWeapDark/FX/Textures/T_Ember_01.ubulk" 931
"C:/Users/nerot/git.repo/Arena/Content/MilitaryWeapDark/FX/Materials/M_Ember_Speed_01.uasset" 932
"C:/Users/nerot/git.repo/Arena/Content/MilitaryWeapDark/FX/Materials/M_Ember_Speed_01.uexp" 933
"C:/Users/nerot/git.repo/Arena/Content/MilitaryWeapDark/FX/Textures/T_Debris_Tileable_01.uasset" 934
"C:/Users/nerot/git.repo/Arena/Content/MilitaryWeapDark/FX/Textures/T_Debris_Tileable_01.uexp" 935
"C:/Users/nerot/git.repo/Arena/Content/MilitaryWeapDark/FX/Textures/T_Debris_Tileable_01.ubulk" 936
"C:/Users/nerot/git.repo/Arena/Content/MilitaryWeapDark/FX/Materials/M_Debris_Tileable_01.uasset" 937
"C:/Users/nerot/git.repo/Arena/Content/MilitaryWeapDark/FX/Materials/M_Debris_Tileable_01.uexp" 938
"C:/Users/nerot/git.repo/Arena/Content/MilitaryWeapDark/FX/P_Grenade_Explosion_01.uasset" 939
"C:/Users/nerot/git.repo/Arena/Content/MilitaryWeapDark/FX/P_Grenade_Explosion_01.uexp" 940
"../../../Engine/Content/EngineDebugMaterials/HeatmapGradient.uasset" 941
"../../../Engine/Content/EngineDebugMaterials/HeatmapGradient.uexp" 942
"../../../Engine/Content/EngineDebugMaterials/HeatmapGradient.ubulk" 943
"../../../Engine/Content/EngineDebugMaterials/HeatmapMaterial.uasset" 944
"../../../Engine/Content/EngineDebugMaterials/HeatmapMaterial.uexp" 945
"C:/Users/nerot/git.repo/Arena/Content/FirstPersonCPP/Blueprints/BP_ExplosiveObject.uasset" 946
"C:/Users/nerot/git.repo/Arena/Content/FirstPersonCPP/Blueprints/BP_ExplosiveObject.uexp" 947
"C:/Users/nerot/git.repo/Arena/Content/FirstPersonCPP/Maps/FirstPersonExampleMap.uexp" 948
"C:/Users/nerot/git.repo/Arena/Content/FirstPersonCPP/Maps/FirstPersonExampleMap.umap" 949
"../../../Engine/Content/Maps/Entry_BuiltData.uasset" 950
"../../../Engine/Content/Maps/Entry_BuiltData.uexp" 951
"../../../Engine/Content/Maps/Entry.uexp" 952
"../../../Engine/Content/Maps/Entry.umap" 953
